[debug] [2025-05-05T20:57:34.185Z] ----------------------------------------------------------------------
[debug] [2025-05-05T20:57:34.187Z] Command:       C:\Program Files\nodejs\node.exe C:\Users\mosta\AppData\Roaming\npm\node_modules\firebase-tools\lib\bin\firebase.js init
[debug] [2025-05-05T20:57:34.188Z] CLI Version:   13.31.2
[debug] [2025-05-05T20:57:34.188Z] Platform:      win32
[debug] [2025-05-05T20:57:34.188Z] Node Version:  v22.14.0
[debug] [2025-05-05T20:57:34.188Z] Time:          Mon May 05 2025 23:57:34 GMT+0300 (Eastern European Summer Time)
[debug] [2025-05-05T20:57:34.188Z] ----------------------------------------------------------------------
[debug] 
[debug] [2025-05-05T20:57:34.316Z] Object "" in "firebase.json" has unknown property: {"additionalProperty":"flutter"}
[debug] [2025-05-05T20:57:34.318Z] > command requires scopes: ["email","openid","https://www.googleapis.com/auth/cloudplatformprojects.readonly","https://www.googleapis.com/auth/firebase","https://www.googleapis.com/auth/cloud-platform"]
[debug] [2025-05-05T20:57:34.318Z] > authorizing via signed-in user (mostafaelshrbeeny98@gmail.com)
[debug] [2025-05-05T20:57:34.319Z] Object "" in "firebase.json" has unknown property: {"additionalProperty":"flutter"}
[info] 
     ######## #### ########  ######## ########     ###     ######  ########
     ##        ##  ##     ## ##       ##     ##  ##   ##  ##       ##
     ######    ##  ########  ######   ########  #########  ######  ######
     ##        ##  ##    ##  ##       ##     ## ##     ##       ## ##
     ##       #### ##     ## ######## ########  ##     ##  ######  ########

You're about to initialize a Firebase project in this directory:

  D:\barbar light version

Before we get started, keep in mind:

  * You are initializing within an existing Firebase project directory

[info] 
=== Project Setup
[info] 
[info] First, let's associate this project directory with a Firebase project.
[info] You can create multiple project aliases by running firebase use --add, 
[info] but for now we'll just set up a default project.
[info] 
[debug] [2025-05-05T20:57:56.352Z] Checked if tokens are valid: false, expires at: 1746478221107
[debug] [2025-05-05T20:57:56.352Z] Checked if tokens are valid: false, expires at: 1746478221107
[debug] [2025-05-05T20:57:56.353Z] > refreshing access token with scopes: []
[debug] [2025-05-05T20:57:56.354Z] >>> [apiv2][query] POST https://www.googleapis.com/oauth2/v3/token [none]
[debug] [2025-05-05T20:57:56.354Z] >>> [apiv2][body] POST https://www.googleapis.com/oauth2/v3/token [omitted]
[debug] [2025-05-05T20:57:56.670Z] <<< [apiv2][status] POST https://www.googleapis.com/oauth2/v3/token 200
[debug] [2025-05-05T20:57:56.670Z] <<< [apiv2][body] POST https://www.googleapis.com/oauth2/v3/token [omitted]
[debug] [2025-05-05T20:57:56.680Z] >>> [apiv2][query] GET https://firebase.googleapis.com/v1beta1/projects pageSize=100
[debug] [2025-05-05T20:57:57.283Z] <<< [apiv2][status] GET https://firebase.googleapis.com/v1beta1/projects 200
[debug] [2025-05-05T20:57:57.283Z] <<< [apiv2][body] GET https://firebase.googleapis.com/v1beta1/projects [omitted]
[info] i  Using project barber-shop-20659 (300Barber Shop) 
[info] 
=== Hosting Setup
[debug] [2025-05-05T20:58:04.018Z] Checked if tokens are valid: true, expires at: 1746482275670
[debug] [2025-05-05T20:58:04.018Z] Checked if tokens are valid: true, expires at: 1746482275670
[debug] [2025-05-05T20:58:04.018Z] >>> [apiv2][query] GET https://firebase.googleapis.com/v1beta1/projects/barber-shop-20659 [none]
[debug] [2025-05-05T20:58:04.538Z] <<< [apiv2][status] GET https://firebase.googleapis.com/v1beta1/projects/barber-shop-20659 200
[debug] [2025-05-05T20:58:04.538Z] <<< [apiv2][body] GET https://firebase.googleapis.com/v1beta1/projects/barber-shop-20659 {"projectId":"barber-shop-20659","projectNumber":"727378178759","displayName":"300Barber Shop","name":"projects/barber-shop-20659","resources":{"hostingSite":"barber-shop-20659"},"state":"ACTIVE","etag":"1_e4f34e2f-e242-4f13-aaff-37be2e06082f"}
[info] 
[info] Your public directory is the folder (relative to your project directory) that
[info] will contain Hosting assets to be uploaded with firebase deploy. If you
[info] have a build process for your assets, use your build's output directory.
[info] 
