#
# There is insufficient memory for the Java Runtime Environment to continue.
# Native memory allocation (malloc) failed to allocate 409568 bytes for Chunk::new
# Possible reasons:
#   The system is out of physical RAM or swap space
#   The process is running with CompressedOops enabled, and the Java Heap may be blocking the growth of the native heap
# Possible solutions:
#   Reduce memory load on the system
#   Increase physical memory or swap space
#   Check if swap backing store is full
#   Decrease Java heap size (-Xmx/-Xms)
#   Decrease number of Java threads
#   Decrease Java thread stack sizes (-Xss)
#   Set larger code cache with -XX:ReservedCodeCacheSize=
#   JVM is running with Zero Based Compressed Oops mode in which the Java heap is
#     placed in the first 32GB address space. The Java Heap base address is the
#     maximum limit for the native heap growth. Please use -XX:HeapBaseMinAddress
#     to set the Java Heap base and to place the Java Heap above 32GB virtual address.
# This output file may be truncated or incomplete.
#
#  Out of Memory Error (arena.cpp:189), pid=6164, tid=14116
#
# JRE version: OpenJDK Runtime Environment (17.0.6) (build 17.0.6+0-b2043.56-9586694)
# Java VM: OpenJDK 64-Bit Server VM (17.0.6+0-b2043.56-9586694, mixed mode, tiered, compressed oops, compressed class ptrs, g1 gc, windows-amd64)
# No core dump will be written. Minidumps are not enabled by default on client versions of Windows
#

---------------  S U M M A R Y ------------

Command Line: -Dorg.gradle.appname=gradlew org.gradle.wrapper.GradleWrapperMain -q -Ptarget-platform=android-arm64 -Ptarget=C:\code\app flutter\app\lib\main.dart -Pbase-application-name=android.app.Application -Pdart-obfuscation=false -Ptrack-widget-creation=true -Ptree-shake-icons=false -Pfilesystem-scheme=org-dartlang-root assembleDebug

Host: Intel(R) Core(TM) i3-10110U CPU @ 2.10GHz, 4 cores, 19G,  Windows 10 , 64 bit Build 19041 (10.0.19041.5198)
Time: Sat Jan 25 18:58:24 2025 Jordan Standard Time elapsed time: 44.818049 seconds (0d 0h 0m 44s)

---------------  T H R E A D  ---------------

Current thread (0x0000029f5444e290):  JavaThread "C2 CompilerThread0" daemon [_thread_in_native, id=14116, stack(0x000000e7a0700000,0x000000e7a0800000)]


Current CompileTask:
C2:  44818 1573   !   4       java.util.concurrent.ConcurrentHashMap::transfer (849 bytes)

Stack: [0x000000e7a0700000,0x000000e7a0800000]
Native frames: (J=compiled Java code, j=interpreted, Vv=VM code, C=native code)
V  [jvm.dll+0x683b4a]
V  [jvm.dll+0x842654]
V  [jvm.dll+0x843dfe]
V  [jvm.dll+0x844463]
V  [jvm.dll+0x249b75]
V  [jvm.dll+0xabcac]
V  [jvm.dll+0xac27c]
V  [jvm.dll+0x368857]
V  [jvm.dll+0x332f31]
V  [jvm.dll+0x3323da]
V  [jvm.dll+0x21c201]
V  [jvm.dll+0x21b621]
V  [jvm.dll+0x1a4fdd]
V  [jvm.dll+0x22b098]
V  [jvm.dll+0x229159]
V  [jvm.dll+0x7f809c]
V  [jvm.dll+0x7f25fa]
V  [jvm.dll+0x682985]
C  [ucrtbase.dll+0x21bb2]
C  [KERNEL32.DLL+0x17374]
C  [ntdll.dll+0x4cc91]


---------------  P R O C E S S  ---------------

Threads class SMR info:
_java_thread_list=0x0000029f5576a1a0, length=13, elements={
0x0000029f334657a0, 0x0000029f54412610, 0x0000029f544145d0, 0x0000029f5442c000,
0x0000029f5442cac0, 0x0000029f5442f880, 0x0000029f5444a000, 0x0000029f5444e290,
0x0000029f5444ed30, 0x0000029f5446c020, 0x0000029f545c5d20, 0x0000029f545d74f0,
0x0000029f55325180
}

Java Threads: ( => current thread )
  0x0000029f334657a0 JavaThread "main" [_thread_in_native, id=18228, stack(0x000000e79f900000,0x000000e79fa00000)]
  0x0000029f54412610 JavaThread "Reference Handler" daemon [_thread_blocked, id=19296, stack(0x000000e7a0000000,0x000000e7a0100000)]
  0x0000029f544145d0 JavaThread "Finalizer" daemon [_thread_blocked, id=12436, stack(0x000000e7a0100000,0x000000e7a0200000)]
  0x0000029f5442c000 JavaThread "Signal Dispatcher" daemon [_thread_blocked, id=10012, stack(0x000000e7a0300000,0x000000e7a0400000)]
  0x0000029f5442cac0 JavaThread "Attach Listener" daemon [_thread_blocked, id=6648, stack(0x000000e7a0400000,0x000000e7a0500000)]
  0x0000029f5442f880 JavaThread "Service Thread" daemon [_thread_blocked, id=14540, stack(0x000000e7a0500000,0x000000e7a0600000)]
  0x0000029f5444a000 JavaThread "Monitor Deflation Thread" daemon [_thread_blocked, id=13696, stack(0x000000e7a0600000,0x000000e7a0700000)]
=>0x0000029f5444e290 JavaThread "C2 CompilerThread0" daemon [_thread_in_native, id=14116, stack(0x000000e7a0700000,0x000000e7a0800000)]
  0x0000029f5444ed30 JavaThread "C1 CompilerThread0" daemon [_thread_blocked, id=1696, stack(0x000000e7a0800000,0x000000e7a0900000)]
  0x0000029f5446c020 JavaThread "Sweeper thread" daemon [_thread_blocked, id=18208, stack(0x000000e7a0900000,0x000000e7a0a00000)]
  0x0000029f545c5d20 JavaThread "Notification Thread" daemon [_thread_blocked, id=18320, stack(0x000000e7a0a00000,0x000000e7a0b00000)]
  0x0000029f545d74f0 JavaThread "Common-Cleaner" daemon [_thread_blocked, id=8576, stack(0x000000e7a0c00000,0x000000e7a0d00000)]
  0x0000029f55325180 JavaThread "pool-1-thread-1" [_thread_blocked, id=6416, stack(0x000000e7a1000000,0x000000e7a1100000)]

Other Threads:
  0x0000029f53ae10d0 VMThread "VM Thread" [stack: 0x000000e79ff00000,0x000000e7a0000000] [id=14048]
  0x0000029f334ee360 WatcherThread [stack: 0x000000e7a0b00000,0x000000e7a0c00000] [id=16052]
  0x0000029f334dae10 GCTaskThread "GC Thread#0" [stack: 0x000000e79fa00000,0x000000e79fb00000] [id=7796]
  0x0000029f54870070 GCTaskThread "GC Thread#1" [stack: 0x000000e7a0d00000,0x000000e7a0e00000] [id=18716]
  0x0000029f54884590 GCTaskThread "GC Thread#2" [stack: 0x000000e7a0e00000,0x000000e7a0f00000] [id=14376]
  0x0000029f5493a0c0 GCTaskThread "GC Thread#3" [stack: 0x000000e7a0f00000,0x000000e7a1000000] [id=17460]
  0x0000029f334e5c10 ConcurrentGCThread "G1 Main Marker" [stack: 0x000000e79fb00000,0x000000e79fc00000] [id=18172]
  0x0000029f334e75d0 ConcurrentGCThread "G1 Conc#0" [stack: 0x000000e79fc00000,0x000000e79fd00000] [id=20540]
  0x0000029f539400a0 ConcurrentGCThread "G1 Refine#0" [stack: 0x000000e79fd00000,0x000000e79fe00000] [id=12120]
  0x0000029f539409d0 ConcurrentGCThread "G1 Service" [stack: 0x000000e79fe00000,0x000000e79ff00000] [id=17820]

Threads with active compile tasks:
C2 CompilerThread0    44848 1573   !   4       java.util.concurrent.ConcurrentHashMap::transfer (849 bytes)

VM state: not at safepoint (normal execution)

VM Mutex/Monitor currently owned by a thread: None

Heap address: 0x00000006c2800000, size: 5080 MB, Compressed Oops mode: Zero based, Oop shift amount: 3

CDS archive(s) not mapped
Compressed class space mapped at: 0x0000000800000000-0x0000000840000000, reserved size: 1073741824
Narrow klass base: 0x0000000800000000, Narrow klass shift: 0, Narrow klass range: 0x40000000

GC Precious Log:
 CPUs: 4 total, 4 available
 Memory: 20314M
 Large Page Support: Disabled
 NUMA Support: Disabled
 Compressed Oops: Enabled (Zero based)
 Heap Region Size: 4M
 Heap Min Capacity: 8M
 Heap Initial Capacity: 320M
 Heap Max Capacity: 5080M
 Pre-touch: Disabled
 Parallel Workers: 4
 Concurrent Workers: 1
 Concurrent Refinement Workers: 4
 Periodic GC: Disabled

Heap:
 garbage-first heap   total 327680K, used 35403K [0x00000006c2800000, 0x0000000800000000)
  region size 4096K, 8 young (32768K), 1 survivors (4096K)
 Metaspace       used 18840K, committed 19072K, reserved 1073152K
  class space    used 2188K, committed 2304K, reserved 1048576K

Heap Regions: E=young(eden), S=young(survivor), O=old, HS=humongous(starts), HC=humongous(continues), CS=collection set, F=free, OA=open archive, CA=closed archive, TAMS=top-at-mark-start (previous, next)
|   0|0x00000006c2800000, 0x00000006c2c00000, 0x00000006c2c00000|100%|HS|  |TAMS 0x00000006c2800000, 0x00000006c2800000| Complete 
|   1|0x00000006c2c00000, 0x00000006c2e92c00, 0x00000006c3000000| 64%| O|  |TAMS 0x00000006c2c00000, 0x00000006c2c00000| Untracked 
|   2|0x00000006c3000000, 0x00000006c3000000, 0x00000006c3400000|  0%| F|  |TAMS 0x00000006c3000000, 0x00000006c3000000| Untracked 
|   3|0x00000006c3400000, 0x00000006c3400000, 0x00000006c3800000|  0%| F|  |TAMS 0x00000006c3400000, 0x00000006c3400000| Untracked 
|   4|0x00000006c3800000, 0x00000006c3800000, 0x00000006c3c00000|  0%| F|  |TAMS 0x00000006c3800000, 0x00000006c3800000| Untracked 
|   5|0x00000006c3c00000, 0x00000006c3c00000, 0x00000006c4000000|  0%| F|  |TAMS 0x00000006c3c00000, 0x00000006c3c00000| Untracked 
|   6|0x00000006c4000000, 0x00000006c4000000, 0x00000006c4400000|  0%| F|  |TAMS 0x00000006c4000000, 0x00000006c4000000| Untracked 
|   7|0x00000006c4400000, 0x00000006c4400000, 0x00000006c4800000|  0%| F|  |TAMS 0x00000006c4400000, 0x00000006c4400000| Untracked 
|   8|0x00000006c4800000, 0x00000006c4800000, 0x00000006c4c00000|  0%| F|  |TAMS 0x00000006c4800000, 0x00000006c4800000| Untracked 
|   9|0x00000006c4c00000, 0x00000006c4c00000, 0x00000006c5000000|  0%| F|  |TAMS 0x00000006c4c00000, 0x00000006c4c00000| Untracked 
|  10|0x00000006c5000000, 0x00000006c5000000, 0x00000006c5400000|  0%| F|  |TAMS 0x00000006c5000000, 0x00000006c5000000| Untracked 
|  11|0x00000006c5400000, 0x00000006c5400000, 0x00000006c5800000|  0%| F|  |TAMS 0x00000006c5400000, 0x00000006c5400000| Untracked 
|  12|0x00000006c5800000, 0x00000006c5800000, 0x00000006c5c00000|  0%| F|  |TAMS 0x00000006c5800000, 0x00000006c5800000| Untracked 
|  13|0x00000006c5c00000, 0x00000006c5c00000, 0x00000006c6000000|  0%| F|  |TAMS 0x00000006c5c00000, 0x00000006c5c00000| Untracked 
|  14|0x00000006c6000000, 0x00000006c6000000, 0x00000006c6400000|  0%| F|  |TAMS 0x00000006c6000000, 0x00000006c6000000| Untracked 
|  15|0x00000006c6400000, 0x00000006c6400000, 0x00000006c6800000|  0%| F|  |TAMS 0x00000006c6400000, 0x00000006c6400000| Untracked 
|  16|0x00000006c6800000, 0x00000006c6800000, 0x00000006c6c00000|  0%| F|  |TAMS 0x00000006c6800000, 0x00000006c6800000| Untracked 
|  17|0x00000006c6c00000, 0x00000006c6c00000, 0x00000006c7000000|  0%| F|  |TAMS 0x00000006c6c00000, 0x00000006c6c00000| Untracked 
|  18|0x00000006c7000000, 0x00000006c7000000, 0x00000006c7400000|  0%| F|  |TAMS 0x00000006c7000000, 0x00000006c7000000| Untracked 
|  19|0x00000006c7400000, 0x00000006c7400000, 0x00000006c7800000|  0%| F|  |TAMS 0x00000006c7400000, 0x00000006c7400000| Untracked 
|  20|0x00000006c7800000, 0x00000006c7800000, 0x00000006c7c00000|  0%| F|  |TAMS 0x00000006c7800000, 0x00000006c7800000| Untracked 
|  21|0x00000006c7c00000, 0x00000006c7c00000, 0x00000006c8000000|  0%| F|  |TAMS 0x00000006c7c00000, 0x00000006c7c00000| Untracked 
|  22|0x00000006c8000000, 0x00000006c8000000, 0x00000006c8400000|  0%| F|  |TAMS 0x00000006c8000000, 0x00000006c8000000| Untracked 
|  23|0x00000006c8400000, 0x00000006c8400000, 0x00000006c8800000|  0%| F|  |TAMS 0x00000006c8400000, 0x00000006c8400000| Untracked 
|  24|0x00000006c8800000, 0x00000006c8800000, 0x00000006c8c00000|  0%| F|  |TAMS 0x00000006c8800000, 0x00000006c8800000| Untracked 
|  25|0x00000006c8c00000, 0x00000006c8c00000, 0x00000006c9000000|  0%| F|  |TAMS 0x00000006c8c00000, 0x00000006c8c00000| Untracked 
|  26|0x00000006c9000000, 0x00000006c9000000, 0x00000006c9400000|  0%| F|  |TAMS 0x00000006c9000000, 0x00000006c9000000| Untracked 
|  27|0x00000006c9400000, 0x00000006c9400000, 0x00000006c9800000|  0%| F|  |TAMS 0x00000006c9400000, 0x00000006c9400000| Untracked 
|  28|0x00000006c9800000, 0x00000006c9800000, 0x00000006c9c00000|  0%| F|  |TAMS 0x00000006c9800000, 0x00000006c9800000| Untracked 
|  29|0x00000006c9c00000, 0x00000006c9c00000, 0x00000006ca000000|  0%| F|  |TAMS 0x00000006c9c00000, 0x00000006c9c00000| Untracked 
|  30|0x00000006ca000000, 0x00000006ca000000, 0x00000006ca400000|  0%| F|  |TAMS 0x00000006ca000000, 0x00000006ca000000| Untracked 
|  31|0x00000006ca400000, 0x00000006ca400000, 0x00000006ca800000|  0%| F|  |TAMS 0x00000006ca400000, 0x00000006ca400000| Untracked 
|  32|0x00000006ca800000, 0x00000006ca800000, 0x00000006cac00000|  0%| F|  |TAMS 0x00000006ca800000, 0x00000006ca800000| Untracked 
|  33|0x00000006cac00000, 0x00000006cac00000, 0x00000006cb000000|  0%| F|  |TAMS 0x00000006cac00000, 0x00000006cac00000| Untracked 
|  34|0x00000006cb000000, 0x00000006cb000000, 0x00000006cb400000|  0%| F|  |TAMS 0x00000006cb000000, 0x00000006cb000000| Untracked 
|  35|0x00000006cb400000, 0x00000006cb400000, 0x00000006cb800000|  0%| F|  |TAMS 0x00000006cb400000, 0x00000006cb400000| Untracked 
|  36|0x00000006cb800000, 0x00000006cb800000, 0x00000006cbc00000|  0%| F|  |TAMS 0x00000006cb800000, 0x00000006cb800000| Untracked 
|  37|0x00000006cbc00000, 0x00000006cbc00000, 0x00000006cc000000|  0%| F|  |TAMS 0x00000006cbc00000, 0x00000006cbc00000| Untracked 
|  38|0x00000006cc000000, 0x00000006cc000000, 0x00000006cc400000|  0%| F|  |TAMS 0x00000006cc000000, 0x00000006cc000000| Untracked 
|  39|0x00000006cc400000, 0x00000006cc400000, 0x00000006cc800000|  0%| F|  |TAMS 0x00000006cc400000, 0x00000006cc400000| Untracked 
|  40|0x00000006cc800000, 0x00000006cc800000, 0x00000006ccc00000|  0%| F|  |TAMS 0x00000006cc800000, 0x00000006cc800000| Untracked 
|  41|0x00000006ccc00000, 0x00000006ccc00000, 0x00000006cd000000|  0%| F|  |TAMS 0x00000006ccc00000, 0x00000006ccc00000| Untracked 
|  42|0x00000006cd000000, 0x00000006cd000000, 0x00000006cd400000|  0%| F|  |TAMS 0x00000006cd000000, 0x00000006cd000000| Untracked 
|  43|0x00000006cd400000, 0x00000006cd400000, 0x00000006cd800000|  0%| F|  |TAMS 0x00000006cd400000, 0x00000006cd400000| Untracked 
|  44|0x00000006cd800000, 0x00000006cd800000, 0x00000006cdc00000|  0%| F|  |TAMS 0x00000006cd800000, 0x00000006cd800000| Untracked 
|  45|0x00000006cdc00000, 0x00000006cdc00000, 0x00000006ce000000|  0%| F|  |TAMS 0x00000006cdc00000, 0x00000006cdc00000| Untracked 
|  46|0x00000006ce000000, 0x00000006ce000000, 0x00000006ce400000|  0%| F|  |TAMS 0x00000006ce000000, 0x00000006ce000000| Untracked 
|  47|0x00000006ce400000, 0x00000006ce400000, 0x00000006ce800000|  0%| F|  |TAMS 0x00000006ce400000, 0x00000006ce400000| Untracked 
|  48|0x00000006ce800000, 0x00000006ce800000, 0x00000006cec00000|  0%| F|  |TAMS 0x00000006ce800000, 0x00000006ce800000| Untracked 
|  49|0x00000006cec00000, 0x00000006cec00000, 0x00000006cf000000|  0%| F|  |TAMS 0x00000006cec00000, 0x00000006cec00000| Untracked 
|  50|0x00000006cf000000, 0x00000006cf000000, 0x00000006cf400000|  0%| F|  |TAMS 0x00000006cf000000, 0x00000006cf000000| Untracked 
|  51|0x00000006cf400000, 0x00000006cf400000, 0x00000006cf800000|  0%| F|  |TAMS 0x00000006cf400000, 0x00000006cf400000| Untracked 
|  52|0x00000006cf800000, 0x00000006cf800000, 0x00000006cfc00000|  0%| F|  |TAMS 0x00000006cf800000, 0x00000006cf800000| Untracked 
|  53|0x00000006cfc00000, 0x00000006cfc00000, 0x00000006d0000000|  0%| F|  |TAMS 0x00000006cfc00000, 0x00000006cfc00000| Untracked 
|  54|0x00000006d0000000, 0x00000006d0000000, 0x00000006d0400000|  0%| F|  |TAMS 0x00000006d0000000, 0x00000006d0000000| Untracked 
|  55|0x00000006d0400000, 0x00000006d0400000, 0x00000006d0800000|  0%| F|  |TAMS 0x00000006d0400000, 0x00000006d0400000| Untracked 
|  56|0x00000006d0800000, 0x00000006d0800000, 0x00000006d0c00000|  0%| F|  |TAMS 0x00000006d0800000, 0x00000006d0800000| Untracked 
|  57|0x00000006d0c00000, 0x00000006d0c00000, 0x00000006d1000000|  0%| F|  |TAMS 0x00000006d0c00000, 0x00000006d0c00000| Untracked 
|  58|0x00000006d1000000, 0x00000006d1000000, 0x00000006d1400000|  0%| F|  |TAMS 0x00000006d1000000, 0x00000006d1000000| Untracked 
|  59|0x00000006d1400000, 0x00000006d1400000, 0x00000006d1800000|  0%| F|  |TAMS 0x00000006d1400000, 0x00000006d1400000| Untracked 
|  60|0x00000006d1800000, 0x00000006d1800000, 0x00000006d1c00000|  0%| F|  |TAMS 0x00000006d1800000, 0x00000006d1800000| Untracked 
|  61|0x00000006d1c00000, 0x00000006d1c00000, 0x00000006d2000000|  0%| F|  |TAMS 0x00000006d1c00000, 0x00000006d1c00000| Untracked 
|  62|0x00000006d2000000, 0x00000006d2000000, 0x00000006d2400000|  0%| F|  |TAMS 0x00000006d2000000, 0x00000006d2000000| Untracked 
|  63|0x00000006d2400000, 0x00000006d2400000, 0x00000006d2800000|  0%| F|  |TAMS 0x00000006d2400000, 0x00000006d2400000| Untracked 
|  64|0x00000006d2800000, 0x00000006d2800000, 0x00000006d2c00000|  0%| F|  |TAMS 0x00000006d2800000, 0x00000006d2800000| Untracked 
|  65|0x00000006d2c00000, 0x00000006d2c00000, 0x00000006d3000000|  0%| F|  |TAMS 0x00000006d2c00000, 0x00000006d2c00000| Untracked 
|  66|0x00000006d3000000, 0x00000006d3000000, 0x00000006d3400000|  0%| F|  |TAMS 0x00000006d3000000, 0x00000006d3000000| Untracked 
|  67|0x00000006d3400000, 0x00000006d3400000, 0x00000006d3800000|  0%| F|  |TAMS 0x00000006d3400000, 0x00000006d3400000| Untracked 
|  68|0x00000006d3800000, 0x00000006d3800000, 0x00000006d3c00000|  0%| F|  |TAMS 0x00000006d3800000, 0x00000006d3800000| Untracked 
|  69|0x00000006d3c00000, 0x00000006d3c00000, 0x00000006d4000000|  0%| F|  |TAMS 0x00000006d3c00000, 0x00000006d3c00000| Untracked 
|  70|0x00000006d4000000, 0x00000006d4000000, 0x00000006d4400000|  0%| F|  |TAMS 0x00000006d4000000, 0x00000006d4000000| Untracked 
|  71|0x00000006d4400000, 0x00000006d4400000, 0x00000006d4800000|  0%| F|  |TAMS 0x00000006d4400000, 0x00000006d4400000| Untracked 
|  72|0x00000006d4800000, 0x00000006d4bedf70, 0x00000006d4c00000| 98%| E|  |TAMS 0x00000006d4800000, 0x00000006d4800000| Complete 
|  73|0x00000006d4c00000, 0x00000006d5000000, 0x00000006d5000000|100%| E|CS|TAMS 0x00000006d4c00000, 0x00000006d4c00000| Complete 
|  74|0x00000006d5000000, 0x00000006d5400000, 0x00000006d5400000|100%| S|CS|TAMS 0x00000006d5000000, 0x00000006d5000000| Complete 
|  75|0x00000006d5400000, 0x00000006d5800000, 0x00000006d5800000|100%| E|CS|TAMS 0x00000006d5400000, 0x00000006d5400000| Complete 
|  76|0x00000006d5800000, 0x00000006d5c00000, 0x00000006d5c00000|100%| E|CS|TAMS 0x00000006d5800000, 0x00000006d5800000| Complete 
|  77|0x00000006d5c00000, 0x00000006d6000000, 0x00000006d6000000|100%| E|CS|TAMS 0x00000006d5c00000, 0x00000006d5c00000| Complete 
|  78|0x00000006d6000000, 0x00000006d6400000, 0x00000006d6400000|100%| E|CS|TAMS 0x00000006d6000000, 0x00000006d6000000| Complete 
|  79|0x00000006d6400000, 0x00000006d6800000, 0x00000006d6800000|100%| E|CS|TAMS 0x00000006d6400000, 0x00000006d6400000| Complete 

Card table byte_map: [0x0000029f46320000,0x0000029f46d10000] _byte_map_base: 0x0000029f42d0c000

Marking Bits (Prev, Next): (CMBitMap*) 0x0000029f334db420, (CMBitMap*) 0x0000029f334db460
 Prev Bits: [0x0000029f47700000, 0x0000029f4c660000)
 Next Bits: [0x0000029f4c660000, 0x0000029f515c0000)

Polling page: 0x0000029f313b0000

Metaspace:

Usage:
  Non-class:     16.26 MB used.
      Class:      2.14 MB used.
       Both:     18.40 MB used.

Virtual space:
  Non-class space:       24.00 MB reserved,      16.38 MB ( 68%) committed,  3 nodes.
      Class space:        1.00 GB reserved,       2.25 MB ( <1%) committed,  1 nodes.
             Both:        1.02 GB reserved,      18.62 MB (  2%) committed. 

Chunk freelists:
   Non-Class:  2.70 MB
       Class:  1.69 MB
        Both:  4.39 MB

MaxMetaspaceSize: unlimited
CompressedClassSpaceSize: 1.00 GB
Initial GC threshold: 21.00 MB
Current GC threshold: 21.00 MB
CDS: off
MetaspaceReclaimPolicy: balanced
 - commit_granule_bytes: 65536.
 - commit_granule_words: 8192.
 - virtual_space_node_default_size: 1048576.
 - enlarge_chunks_in_place: 1.
 - new_chunks_are_fully_committed: 0.
 - uncommit_free_chunks: 1.
 - use_allocation_guard: 0.
 - handle_deallocations: 1.


Internal statistics:

num_allocs_failed_limit: 0.
num_arena_births: 86.
num_arena_deaths: 0.
num_vsnodes_births: 4.
num_vsnodes_deaths: 0.
num_space_committed: 298.
num_space_uncommitted: 0.
num_chunks_returned_to_freelist: 0.
num_chunks_taken_from_freelist: 394.
num_chunk_merges: 0.
num_chunk_splits: 252.
num_chunks_enlarged: 203.
num_purges: 0.
num_inconsistent_stats: 0.

CodeHeap 'non-profiled nmethods': size=120000Kb used=650Kb max_used=650Kb free=119349Kb
 bounds [0x0000029f3e400000, 0x0000029f3e670000, 0x0000029f45930000]
CodeHeap 'profiled nmethods': size=120000Kb used=3200Kb max_used=3200Kb free=116799Kb
 bounds [0x0000029f36930000, 0x0000029f36c60000, 0x0000029f3de60000]
CodeHeap 'non-nmethods': size=5760Kb used=1179Kb max_used=1199Kb free=4581Kb
 bounds [0x0000029f3de60000, 0x0000029f3e0d0000, 0x0000029f3e400000]
 total_blobs=2086 nmethods=1608 adapters=391
 compilation: enabled
              stopped_count=0, restarted_count=0
 full_count=0

Compilation events (20 events):
Event: 44.808 Thread 0x0000029f5444ed30 1604       3       org.gradle.internal.logging.text.AbstractLineChoppingStyledTextOutput$SeenFromEol::all (18 bytes)
Event: 44.808 Thread 0x0000029f5444ed30 nmethod 1604 0x0000029f36c4c810 code [0x0000029f36c4c9a0, 0x0000029f36c4cb18]
Event: 44.808 Thread 0x0000029f5444ed30 1605       3       org.gradle.internal.logging.text.AbstractLineChoppingStyledTextOutput$SeenFromEol::none (13 bytes)
Event: 44.808 Thread 0x0000029f5444ed30 nmethod 1605 0x0000029f36c4cc10 code [0x0000029f36c4cda0, 0x0000029f36c4cf18]
Event: 44.808 Thread 0x0000029f5444ed30 1606       3       org.gradle.internal.logging.text.AbstractLineChoppingStyledTextOutput::access$800 (4 bytes)
Event: 44.808 Thread 0x0000029f5444ed30 nmethod 1606 0x0000029f36c4cf90 code [0x0000029f36c4d120, 0x0000029f36c4d218]
Event: 44.808 Thread 0x0000029f5444ed30 1607       3       org.gradle.internal.logging.text.AbstractLineChoppingStyledTextOutput$2::execute (9 bytes)
Event: 44.808 Thread 0x0000029f5444ed30 nmethod 1607 0x0000029f36c4d290 code [0x0000029f36c4d440, 0x0000029f36c4d688]
Event: 44.808 Thread 0x0000029f5444ed30 1608       3       org.gradle.internal.logging.text.AbstractLineChoppingStyledTextOutput$2::execute (77 bytes)
Event: 44.810 Thread 0x0000029f5444ed30 nmethod 1608 0x0000029f36c4d790 code [0x0000029f36c4da60, 0x0000029f36c4e828]
Event: 44.810 Thread 0x0000029f5444ed30 1609       3       org.gradle.internal.logging.text.AbstractLineChoppingStyledTextOutput::access$900 (4 bytes)
Event: 44.810 Thread 0x0000029f5444ed30 nmethod 1609 0x0000029f36c4ed90 code [0x0000029f36c4ef20, 0x0000029f36c4f018]
Event: 44.810 Thread 0x0000029f5444ed30 1610       3       org.gradle.internal.logging.text.AbstractLineChoppingStyledTextOutput$StateContext::next (11 bytes)
Event: 44.810 Thread 0x0000029f5444ed30 nmethod 1610 0x0000029f36c4f090 code [0x0000029f36c4f220, 0x0000029f36c4f338]
Event: 44.810 Thread 0x0000029f5444ed30 1593       1       java.lang.reflect.Constructor::getDeclaringClass (5 bytes)
Event: 44.810 Thread 0x0000029f5444ed30 nmethod 1593 0x0000029f3e4a2810 code [0x0000029f3e4a29a0, 0x0000029f3e4a2a78]
Event: 44.812 Thread 0x0000029f5444ed30 1611       3       java.nio.Buffer::remaining (20 bytes)
Event: 44.812 Thread 0x0000029f5444ed30 nmethod 1611 0x0000029f36c4f410 code [0x0000029f36c4f5a0, 0x0000029f36c4f738]
Event: 44.812 Thread 0x0000029f5444ed30 1612       3       java.nio.CharBuffer::arrayOffset (35 bytes)
Event: 44.813 Thread 0x0000029f5444ed30 nmethod 1612 0x0000029f36c4f810 code [0x0000029f36c4f9e0, 0x0000029f36c4fcb8]

GC Heap History (4 events):
Event: 0.951 GC heap before
{Heap before GC invocations=0 (full 0):
 garbage-first heap   total 327680K, used 16384K [0x00000006c2800000, 0x0000000800000000)
  region size 4096K, 4 young (16384K), 0 survivors (0K)
 Metaspace       used 8255K, committed 8320K, reserved 1056768K
  class space    used 722K, committed 768K, reserved 1048576K
}
Event: 0.958 GC heap after
{Heap after GC invocations=1 (full 0):
 garbage-first heap   total 327680K, used 1603K [0x00000006c2800000, 0x0000000800000000)
  region size 4096K, 1 young (4096K), 1 survivors (4096K)
 Metaspace       used 8255K, committed 8320K, reserved 1056768K
  class space    used 722K, committed 768K, reserved 1048576K
}
Event: 1.725 GC heap before
{Heap before GC invocations=1 (full 0):
 garbage-first heap   total 327680K, used 22083K [0x00000006c2800000, 0x0000000800000000)
  region size 4096K, 5 young (20480K), 1 survivors (4096K)
 Metaspace       used 10801K, committed 10944K, reserved 1064960K
  class space    used 1086K, committed 1152K, reserved 1048576K
}
Event: 1.732 GC heap after
{Heap after GC invocations=2 (full 0):
 garbage-first heap   total 327680K, used 10827K [0x00000006c2800000, 0x0000000800000000)
  region size 4096K, 1 young (4096K), 1 survivors (4096K)
 Metaspace       used 10801K, committed 10944K, reserved 1064960K
  class space    used 1086K, committed 1152K, reserved 1048576K
}

Dll operation events (2 events):
Event: 0.010 Loaded shared library C:\Program Files\Android\Android Studio\jbr\bin\java.dll
Event: 0.259 Loaded shared library C:\Program Files\Android\Android Studio\jbr\bin\verify.dll

Deoptimization events (20 events):
Event: 8.612 Thread 0x0000029f55617450 Uncommon trap: trap_request=0xffffff45 fr.pc=0x0000029f3e477988 relative=0x0000000000000088
Event: 8.612 Thread 0x0000029f55617450 Uncommon trap: reason=unstable_if action=reinterpret pc=0x0000029f3e477988 method=java.lang.String.codePointAt(I)I @ 4 c2
Event: 8.612 Thread 0x0000029f55617450 DEOPT PACKING pc=0x0000029f3e477988 sp=0x000000e7a12fedf0
Event: 8.612 Thread 0x0000029f55617450 DEOPT UNPACKING pc=0x0000029f3deb69a3 sp=0x000000e7a12fed88 mode 2
Event: 8.794 Thread 0x0000029f334657a0 Uncommon trap: trap_request=0xffffff45 fr.pc=0x0000029f3e42b27c relative=0x000000000000019c
Event: 8.794 Thread 0x0000029f334657a0 Uncommon trap: reason=unstable_if action=reinterpret pc=0x0000029f3e42b27c method=java.util.HashMap.putVal(ILjava/lang/Object;Ljava/lang/Object;ZZ)Ljava/lang/Object; @ 162 c2
Event: 8.794 Thread 0x0000029f334657a0 DEOPT PACKING pc=0x0000029f3e42b27c sp=0x000000e79f9fb180
Event: 8.794 Thread 0x0000029f334657a0 DEOPT UNPACKING pc=0x0000029f3deb69a3 sp=0x000000e79f9fb110 mode 2
Event: 44.798 Thread 0x0000029f334657a0 Uncommon trap: trap_request=0xffffff45 fr.pc=0x0000029f3e42db4c relative=0x000000000000004c
Event: 44.798 Thread 0x0000029f334657a0 Uncommon trap: reason=unstable_if action=reinterpret pc=0x0000029f3e42db4c method=java.net.URI.match(CJJ)Z @ 19 c2
Event: 44.798 Thread 0x0000029f334657a0 DEOPT PACKING pc=0x0000029f3e42db4c sp=0x000000e79f9fd000
Event: 44.798 Thread 0x0000029f334657a0 DEOPT UNPACKING pc=0x0000029f3deb69a3 sp=0x000000e79f9fcf88 mode 2
Event: 44.798 Thread 0x0000029f334657a0 Uncommon trap: trap_request=0xffffff45 fr.pc=0x0000029f3e4879ec relative=0x00000000000001cc
Event: 44.798 Thread 0x0000029f334657a0 Uncommon trap: reason=unstable_if action=reinterpret pc=0x0000029f3e4879ec method=java.net.URI.match(CJJ)Z @ 19 c2
Event: 44.798 Thread 0x0000029f334657a0 DEOPT PACKING pc=0x0000029f3e4879ec sp=0x000000e79f9fcf50
Event: 44.798 Thread 0x0000029f334657a0 DEOPT UNPACKING pc=0x0000029f3deb69a3 sp=0x000000e79f9fce50 mode 2
Event: 44.798 Thread 0x0000029f334657a0 Uncommon trap: trap_request=0xffffff45 fr.pc=0x0000029f3e48a10c relative=0x00000000000001ec
Event: 44.798 Thread 0x0000029f334657a0 Uncommon trap: reason=unstable_if action=reinterpret pc=0x0000029f3e48a10c method=java.net.URI$Parser.scan(IILjava/lang/String;)I @ 26 c2
Event: 44.798 Thread 0x0000029f334657a0 DEOPT PACKING pc=0x0000029f3e48a10c sp=0x000000e79f9fd130
Event: 44.799 Thread 0x0000029f334657a0 DEOPT UNPACKING pc=0x0000029f3deb69a3 sp=0x000000e79f9fd0c0 mode 2

Classes unloaded (0 events):
No events

Classes redefined (0 events):
No events

Internal exceptions (20 events):
Event: 1.879 Thread 0x0000029f334657a0 Exception <a 'java/lang/NoSuchMethodError'{0x00000006d667f5d0}: 'java.lang.Object java.lang.invoke.Invokers$Holder.invokeExact_MT(java.lang.Object, java.lang.Object, java.lang.Object, java.lang.Object)'> (0x00000006d667f5d0) 
thrown [s\src\hotspot\share\interpreter\linkResolver.cpp, line 771]
Event: 1.892 Thread 0x0000029f334657a0 Exception <a 'java/lang/NoSuchMethodError'{0x00000006d66b9d10}: 'java.lang.Object java.lang.invoke.DirectMethodHandle$Holder.invokeVirtual(java.lang.Object, java.lang.Object, java.lang.Object)'> (0x00000006d66b9d10) 
thrown [s\src\hotspot\share\interpreter\linkResolver.cpp, line 771]
Event: 2.048 Thread 0x0000029f334657a0 Exception <a 'java/lang/NoSuchMethodError'{0x00000006d6228d40}: 'java.lang.Object java.lang.invoke.DirectMethodHandle$Holder.newInvokeSpecial(java.lang.Object, java.lang.Object, java.lang.Object, java.lang.Object, java.lang.Object)'> (0x00000006d6228d40) 
thrown [s\src\hotspot\share\interpreter\linkResolver.cpp, line 771]
Event: 2.154 Thread 0x0000029f334657a0 Exception <a 'java/lang/NoSuchMethodError'{0x00000006d5d026d8}: 'void java.lang.invoke.DirectMethodHandle$Holder.invokeSpecial(java.lang.Object, java.lang.Object, java.lang.Object)'> (0x00000006d5d026d8) 
thrown [s\src\hotspot\share\interpreter\linkResolver.cpp, line 771]
Event: 2.172 Thread 0x0000029f334657a0 Implicit null exception at 0x0000029f3e454d90 to 0x0000029f3e455354
Event: 2.172 Thread 0x0000029f334657a0 Implicit null exception at 0x0000029f3e445e0f to 0x0000029f3e4463c0
Event: 2.215 Thread 0x0000029f334657a0 Exception <a 'java/lang/NoSuchMethodError'{0x00000006d5e806e0}: 'java.lang.Object java.lang.invoke.DirectMethodHandle$Holder.invokeStaticInit(java.lang.Object)'> (0x00000006d5e806e0) 
thrown [s\src\hotspot\share\interpreter\linkResolver.cpp, line 771]
Event: 2.269 Thread 0x0000029f334657a0 Exception <a 'java/lang/NoSuchMethodError'{0x00000006d5f27478}: 'int java.lang.invoke.DirectMethodHandle$Holder.invokeVirtual(java.lang.Object, java.lang.Object, java.lang.Object)'> (0x00000006d5f27478) 
thrown [s\src\hotspot\share\interpreter\linkResolver.cpp, line 771]
Event: 2.450 Thread 0x0000029f334657a0 Exception <a 'java/lang/NoSuchMethodError'{0x00000006d597e1c8}: 'java.lang.Object java.lang.invoke.DirectMethodHandle$Holder.invokeSpecialIFC(java.lang.Object, java.lang.Object, java.lang.Object, java.lang.Object)'> (0x00000006d597e1c8) 
thrown [s\src\hotspot\share\interpreter\linkResolver.cpp, line 771]
Event: 2.557 Thread 0x0000029f334657a0 Exception <a 'java/lang/NoSuchMethodError'{0x00000006d54494e8}: 'java.lang.Object java.lang.invoke.DirectMethodHandle$Holder.invokeStaticInit(java.lang.Object, int, int, int, int)'> (0x00000006d54494e8) 
thrown [s\src\hotspot\share\interpreter\linkResolver.cpp, line 771]
Event: 2.641 Thread 0x0000029f334657a0 Exception <a 'java/lang/NoSuchMethodError'{0x00000006d54a7238}: 'java.lang.Object java.lang.invoke.DirectMethodHandle$Holder.invokeStaticInit(java.lang.Object, java.lang.Object, int, int, int, int)'> (0x00000006d54a7238) 
thrown [s\src\hotspot\share\interpreter\linkResolver.cpp, line 771]
Event: 2.850 Thread 0x0000029f334657a0 Exception <a 'java/lang/NoSuchMethodError'{0x00000006d54da068}: 'void java.lang.invoke.DirectMethodHandle$Holder.invokeStatic(java.lang.Object, java.lang.Object, java.lang.Object)'> (0x00000006d54da068) 
thrown [s\src\hotspot\share\interpreter\linkResolver.cpp, line 771]
Event: 3.177 Thread 0x0000029f55617450 Exception <a 'java/lang/NoSuchMethodError'{0x00000006d4fdd920}: 'void java.lang.invoke.DirectMethodHandle$Holder.invokeStatic(java.lang.Object, long)'> (0x00000006d4fdd920) 
thrown [s\src\hotspot\share\interpreter\linkResolver.cpp, line 771]
Event: 3.178 Thread 0x0000029f55617450 Exception <a 'java/lang/NoSuchMethodError'{0x00000006d4fe3278}: 'java.lang.Object java.lang.invoke.DirectMethodHandle$Holder.newInvokeSpecial(java.lang.Object, long)'> (0x00000006d4fe3278) 
thrown [s\src\hotspot\share\interpreter\linkResolver.cpp, line 771]
Event: 3.182 Thread 0x0000029f55617450 Exception <a 'java/lang/NoSuchMethodError'{0x00000006d4fede20}: 'java.lang.Object java.lang.invoke.DirectMethodHandle$Holder.invokeStaticInit(java.lang.Object, java.lang.Object, long, java.lang.Object)'> (0x00000006d4fede20) 
thrown [s\src\hotspot\share\interpreter\linkResolver.cpp, line 771]
Event: 3.183 Thread 0x0000029f55617450 Exception <a 'java/lang/NoSuchMethodError'{0x00000006d4ff44a8}: 'java.lang.Object java.lang.invoke.DirectMethodHandle$Holder.newInvokeSpecial(java.lang.Object, java.lang.Object, long)'> (0x00000006d4ff44a8) 
thrown [s\src\hotspot\share\interpreter\linkResolver.cpp, line 771]
Event: 3.184 Thread 0x0000029f55617450 Exception <a 'java/lang/NoSuchMethodError'{0x00000006d4ff8798}: 'java.lang.Object java.lang.invoke.Invokers$Holder.linkToTargetMethod(java.lang.Object, long, java.lang.Object)'> (0x00000006d4ff8798) 
thrown [s\src\hotspot\share\interpreter\linkResolver.cpp, line 771]
Event: 44.779 Thread 0x0000029f334657a0 Exception <a 'sun/net/ConnectionResetException'{0x00000006d4b67a60}: Connection reset> (0x00000006d4b67a60) 
thrown [s\src\hotspot\share\prims\jni.cpp, line 536]
Event: 44.795 Thread 0x0000029f334657a0 Exception <a 'java/lang/NoSuchMethodError'{0x00000006d4bc5850}: 'int java.lang.invoke.DirectMethodHandle$Holder.invokeVirtual(java.lang.Object, java.lang.Object)'> (0x00000006d4bc5850) 
thrown [s\src\hotspot\share\interpreter\linkResolver.cpp, line 771]
Event: 44.799 Thread 0x0000029f334657a0 Exception <a 'java/io/IOException'{0x00000006d4bd1910}: Connection reset by peer> (0x00000006d4bd1910) 
thrown [s\src\hotspot\share\prims\jni.cpp, line 536]

VM Operations (20 events):
Event: 3.250 Executing VM operation: Cleanup
Event: 3.250 Executing VM operation: Cleanup done
Event: 4.258 Executing VM operation: Cleanup
Event: 4.258 Executing VM operation: Cleanup done
Event: 7.291 Executing VM operation: Cleanup
Event: 7.291 Executing VM operation: Cleanup done
Event: 8.718 Executing VM operation: HandshakeAllThreads
Event: 8.718 Executing VM operation: HandshakeAllThreads done
Event: 8.718 Executing VM operation: Cleanup
Event: 8.718 Executing VM operation: Cleanup done
Event: 8.971 Executing VM operation: HandshakeAllThreads
Event: 8.971 Executing VM operation: HandshakeAllThreads done
Event: 9.980 Executing VM operation: Cleanup
Event: 9.980 Executing VM operation: Cleanup done
Event: 26.097 Executing VM operation: Cleanup
Event: 26.097 Executing VM operation: Cleanup done
Event: 28.101 Executing VM operation: Cleanup
Event: 28.101 Executing VM operation: Cleanup done
Event: 41.174 Executing VM operation: Cleanup
Event: 41.174 Executing VM operation: Cleanup done

Events (20 events):
Event: 44.785 loading class sun/nio/fs/WindowsSecurityDescriptor
Event: 44.785 loading class sun/nio/fs/WindowsSecurityDescriptor done
Event: 44.785 loading class sun/nio/fs/WindowsChannelFactory
Event: 44.786 loading class sun/nio/fs/WindowsChannelFactory done
Event: 44.786 loading class sun/nio/fs/WindowsChannelFactory$1
Event: 44.786 loading class sun/nio/fs/WindowsChannelFactory$1 done
Event: 44.786 loading class sun/nio/fs/WindowsChannelFactory$Flags
Event: 44.786 loading class sun/nio/fs/WindowsChannelFactory$Flags done
Event: 44.786 loading class sun/nio/fs/WindowsChannelFactory$2
Event: 44.786 loading class sun/nio/fs/WindowsChannelFactory$2 done
Event: 44.787 loading class sun/nio/ch/FileChannelImpl$Closer
Event: 44.787 loading class sun/nio/ch/FileChannelImpl$Closer done
Event: 44.788 loading class java/util/stream/Streams$1
Event: 44.788 loading class java/util/stream/Streams$1 done
Event: 44.792 loading class java/nio/file/FileChannelLinesSpliterator$1
Event: 44.792 loading class java/nio/file/FileChannelLinesSpliterator$1 done
Event: 44.792 loading class java/nio/channels/Channels
Event: 44.793 loading class java/nio/channels/Channels done
Event: 44.800 loading class java/util/concurrent/ConcurrentLinkedQueue$Itr
Event: 44.801 loading class java/util/concurrent/ConcurrentLinkedQueue$Itr done


Dynamic libraries:
0x00007ff624f40000 - 0x00007ff624f4a000 	C:\Program Files\Android\Android Studio\jbr\bin\java.exe
0x00007ffecd9b0000 - 0x00007ffecdba8000 	C:\Windows\SYSTEM32\ntdll.dll
0x00007ffecb9d0000 - 0x00007ffecba92000 	C:\Windows\System32\KERNEL32.DLL
0x00007ffecb660000 - 0x00007ffecb95e000 	C:\Windows\System32\KERNELBASE.dll
0x00007ffecb410000 - 0x00007ffecb510000 	C:\Windows\System32\ucrtbase.dll
0x00007ffea84e0000 - 0x00007ffea84f7000 	C:\Program Files\Android\Android Studio\jbr\bin\jli.dll
0x00007ffecce10000 - 0x00007ffeccfad000 	C:\Windows\System32\USER32.dll
0x00007ffecb050000 - 0x00007ffecb072000 	C:\Windows\System32\win32u.dll
0x00007ffecc210000 - 0x00007ffecc23b000 	C:\Windows\System32\GDI32.dll
0x00007ffecb140000 - 0x00007ffecb257000 	C:\Windows\System32\gdi32full.dll
0x00007ffecb510000 - 0x00007ffecb5ad000 	C:\Windows\System32\msvcp_win.dll
0x00007ffea84c0000 - 0x00007ffea84db000 	C:\Program Files\Android\Android Studio\jbr\bin\VCRUNTIME140.dll
0x00007ffebd6b0000 - 0x00007ffebd94a000 	C:\Windows\WinSxS\amd64_microsoft.windows.common-controls_6595b64144ccf1df_6.0.19041.4355_none_60b8b9eb71f62e16\COMCTL32.dll
0x00007ffecbfe0000 - 0x00007ffecc07e000 	C:\Windows\System32\msvcrt.dll
0x00007ffecbaa0000 - 0x00007ffecbacf000 	C:\Windows\System32\IMM32.DLL
0x00007ffec2a50000 - 0x00007ffec2a5c000 	C:\Program Files\Android\Android Studio\jbr\bin\vcruntime140_1.dll
0x00007ffe9ab40000 - 0x00007ffe9abcd000 	C:\Program Files\Android\Android Studio\jbr\bin\msvcp140.dll
0x00007ffe7e750000 - 0x00007ffe7f3bd000 	C:\Program Files\Android\Android Studio\jbr\bin\server\jvm.dll
0x00007ffecbf10000 - 0x00007ffecbfc1000 	C:\Windows\System32\ADVAPI32.dll
0x00007ffecd570000 - 0x00007ffecd60f000 	C:\Windows\System32\sechost.dll
0x00007ffecccd0000 - 0x00007ffeccdf3000 	C:\Windows\System32\RPCRT4.dll
0x00007ffecb110000 - 0x00007ffecb137000 	C:\Windows\System32\bcrypt.dll
0x00007ffeb6a30000 - 0x00007ffeb6a39000 	C:\Windows\SYSTEM32\WSOCK32.dll
0x00007ffecc1a0000 - 0x00007ffecc20b000 	C:\Windows\System32\WS2_32.dll
0x00007ffeb6140000 - 0x00007ffeb6167000 	C:\Windows\SYSTEM32\WINMM.dll
0x00007ffec5b80000 - 0x00007ffec5b8a000 	C:\Windows\SYSTEM32\VERSION.dll
0x00007ffec90b0000 - 0x00007ffec90c2000 	C:\Windows\SYSTEM32\kernel.appcore.dll
0x00007ffea84b0000 - 0x00007ffea84ba000 	C:\Program Files\Android\Android Studio\jbr\bin\jimage.dll
0x00007ffec8c40000 - 0x00007ffec8e24000 	C:\Windows\SYSTEM32\DBGHELP.DLL
0x00007ffec3380000 - 0x00007ffec33b4000 	C:\Windows\SYSTEM32\dbgcore.DLL
0x00007ffecb080000 - 0x00007ffecb102000 	C:\Windows\System32\bcryptPrimitives.dll
0x00007ffe9cd90000 - 0x00007ffe9cdb5000 	C:\Program Files\Android\Android Studio\jbr\bin\java.dll
0x00007ffea0120000 - 0x00007ffea0138000 	C:\Program Files\Android\Android Studio\jbr\bin\zip.dll
0x00007ffecc540000 - 0x00007ffecccad000 	C:\Windows\System32\SHELL32.dll
0x00007ffec90d0000 - 0x00007ffec9874000 	C:\Windows\SYSTEM32\windows.storage.dll
0x00007ffecd610000 - 0x00007ffecd963000 	C:\Windows\System32\combase.dll
0x00007ffecaa10000 - 0x00007ffecaa3e000 	C:\Windows\SYSTEM32\Wldp.dll
0x00007ffecbb80000 - 0x00007ffecbc4d000 	C:\Windows\System32\OLEAUT32.dll
0x00007ffecbc50000 - 0x00007ffecbcfd000 	C:\Windows\System32\SHCORE.dll
0x00007ffecd0a0000 - 0x00007ffecd0f5000 	C:\Windows\System32\shlwapi.dll
0x00007ffecaf80000 - 0x00007ffecafa4000 	C:\Windows\SYSTEM32\profapi.dll
0x00007ffe9fdf0000 - 0x00007ffe9fe09000 	C:\Program Files\Android\Android Studio\jbr\bin\net.dll
0x00007ffec1f70000 - 0x00007ffec207d000 	C:\Windows\SYSTEM32\WINHTTP.dll
0x00007ffeca710000 - 0x00007ffeca77a000 	C:\Windows\system32\mswsock.dll
0x00007ffe9f590000 - 0x00007ffe9f5a6000 	C:\Program Files\Android\Android Studio\jbr\bin\nio.dll
0x00007ffea84a0000 - 0x00007ffea84b0000 	C:\Program Files\Android\Android Studio\jbr\bin\verify.dll
0x00007ffe9c490000 - 0x00007ffe9c4b7000 	C:\Users\jmzom\.gradle\native\c067742578af261105cb4f569cf0c3c89f3d7b1fecec35dd04571415982c5e48\windows-amd64\native-platform.dll
0x00007ffea4180000 - 0x00007ffea4189000 	C:\Program Files\Android\Android Studio\jbr\bin\management.dll
0x00007ffea36d0000 - 0x00007ffea36db000 	C:\Program Files\Android\Android Studio\jbr\bin\management_ext.dll
0x00007ffecbfd0000 - 0x00007ffecbfd8000 	C:\Windows\System32\PSAPI.DLL
0x00007ffeca970000 - 0x00007ffeca988000 	C:\Windows\SYSTEM32\CRYPTSP.dll
0x00007ffeca030000 - 0x00007ffeca064000 	C:\Windows\system32\rsaenh.dll
0x00007ffecaf40000 - 0x00007ffecaf6e000 	C:\Windows\SYSTEM32\USERENV.dll
0x00007ffeca960000 - 0x00007ffeca96c000 	C:\Windows\SYSTEM32\CRYPTBASE.dll
0x00007ffeca3f0000 - 0x00007ffeca42b000 	C:\Windows\SYSTEM32\IPHLPAPI.DLL
0x00007ffecc530000 - 0x00007ffecc538000 	C:\Windows\System32\NSI.dll
0x00007ffec2e30000 - 0x00007ffec2e47000 	C:\Windows\SYSTEM32\dhcpcsvc6.DLL
0x00007ffec34c0000 - 0x00007ffec34dd000 	C:\Windows\SYSTEM32\dhcpcsvc.DLL
0x00007ffeca430000 - 0x00007ffeca4fa000 	C:\Windows\SYSTEM32\DNSAPI.dll
0x00007ffea5280000 - 0x00007ffea5287000 	C:\Windows\system32\wshunix.dll

dbghelp: loaded successfully - version: 4.0.5 - missing functions: none
symbol engine: initialized successfully - sym options: 0x614 - pdb path: .;C:\Program Files\Android\Android Studio\jbr\bin;C:\Windows\SYSTEM32;C:\Windows\WinSxS\amd64_microsoft.windows.common-controls_6595b64144ccf1df_6.0.19041.4355_none_60b8b9eb71f62e16;C:\Program Files\Android\Android Studio\jbr\bin\server;C:\Users\jmzom\.gradle\native\c067742578af261105cb4f569cf0c3c89f3d7b1fecec35dd04571415982c5e48\windows-amd64

VM Arguments:
jvm_args: -Dorg.gradle.appname=gradlew 
java_command: org.gradle.wrapper.GradleWrapperMain -q -Ptarget-platform=android-arm64 -Ptarget=C:\code\app flutter\app\lib\main.dart -Pbase-application-name=android.app.Application -Pdart-obfuscation=false -Ptrack-widget-creation=true -Ptree-shake-icons=false -Pfilesystem-scheme=org-dartlang-root assembleDebug
java_class_path (initial): C:\code\app flutter\app\android\\gradle\wrapper\gradle-wrapper.jar
Launcher Type: SUN_STANDARD

[Global flags]
     intx CICompilerCount                          = 3                                         {product} {ergonomic}
     uint ConcGCThreads                            = 1                                         {product} {ergonomic}
     uint G1ConcRefinementThreads                  = 4                                         {product} {ergonomic}
   size_t G1HeapRegionSize                         = 4194304                                   {product} {ergonomic}
    uintx GCDrainStackTargetSize                   = 64                                        {product} {ergonomic}
   size_t InitialHeapSize                          = 335544320                                 {product} {ergonomic}
   size_t MarkStackSize                            = 4194304                                   {product} {ergonomic}
   size_t MaxHeapSize                              = 5326766080                                {product} {ergonomic}
   size_t MaxNewSize                               = 3196059648                                {product} {ergonomic}
   size_t MinHeapDeltaBytes                        = 4194304                                   {product} {ergonomic}
   size_t MinHeapSize                              = 8388608                                   {product} {ergonomic}
    uintx NonNMethodCodeHeapSize                   = 5832780                                {pd product} {ergonomic}
    uintx NonProfiledCodeHeapSize                  = 122912730                              {pd product} {ergonomic}
    uintx ProfiledCodeHeapSize                     = 122912730                              {pd product} {ergonomic}
    uintx ReservedCodeCacheSize                    = 251658240                              {pd product} {ergonomic}
     bool SegmentedCodeCache                       = true                                      {product} {ergonomic}
   size_t SoftMaxHeapSize                          = 5326766080                             {manageable} {ergonomic}
     bool UseCompressedClassPointers               = true                           {product lp64_product} {ergonomic}
     bool UseCompressedOops                        = true                           {product lp64_product} {ergonomic}
     bool UseG1GC                                  = true                                      {product} {ergonomic}
     bool UseLargePagesIndividualAllocation        = false                                  {pd product} {ergonomic}

Logging:
Log output configuration:
 #0: stdout all=warning uptime,level,tags
 #1: stderr all=off uptime,level,tags

Environment Variables:
JAVA_HOME=C:\Program Files\Android\Android Studio\jbr
CLASSPATH=C:\code\app flutter\app\android\\gradle\wrapper\gradle-wrapper.jar
PATH=C:\Program Files\Android\Android Studio\jbr\bin;C:\src\flutter-sdk-3.5.3\bin\;C:\Program Files\Microsoft\jdk-11.0.20.8-hotspot\bin;C:\Windows\system32;C:\Windows;C:\Windows\System32\Wbem;C:\Windows\System32\WindowsPowerShell\v1.0\;C:\Windows\System32\OpenSSH\;C:\Program Files\dotnet\;C:\Users\jmzom\AppData\Roaming\nvm;C:\Program Files\nodejs;C:\ProgramData\chocolatey\bin;C:\Program Files\Git\cmd;C:\composer1;C:\Users\jmzom\AppData\Local\Microsoft\WindowsApps;C:\Users\jmzom\.dotnet\tools;C:\Users\jmzom\AppData\Local\Programs\Microsoft VS Code\bin;C:\src\flutter-sdk-3.5.3\bin;C:\Users\jmzom\AppData\Local\Pub\Cache\bin;C:\Users\jmzom\AppData\Roaming\nvm;C:\Program Files\nodejs;C:\Program Files\Git\cmd;C:\tools\dart-sdk\bin;C:\Users\jmzom\AppData\Roaming\Pub\Cache\bin;C:\Users\jmzom\AppData\Roaming\nvm\v16.20.1\vercel.ps1;C:\xampp7.3\php;C:\Users\jmzom\AppData\Roaming\Composer\vendor\bin;C:\Users\jmzom\AppData\Local\Android\Sdk\platform-tools;C:\src\nuget.exe;C:\Users\jmzom\AppData\Local\Microsoft\WinGet\Links;;C:\src\flutter-sdk-3.5.3\bin\mingit\cmd
USERNAME=jmzom
LANG=en_US.UTF-8
OS=Windows_NT
PROCESSOR_IDENTIFIER=Intel64 Family 6 Model 142 Stepping 12, GenuineIntel
TMP=C:\Users\jmzom\AppData\Local\Temp
TEMP=C:\Users\jmzom\AppData\Local\Temp



---------------  S Y S T E M  ---------------

OS:
 Windows 10 , 64 bit Build 19041 (10.0.19041.5198)
OS uptime: 38 days 17:28 hours

CPU: total 4 (initial active 4) (2 cores per cpu, 2 threads per core) family 6 model 142 stepping 12 microcode 0xf0, cx8, cmov, fxsr, ht, mmx, 3dnowpref, sse, sse2, sse3, ssse3, sse4.1, sse4.2, popcnt, lzcnt, tsc, tscinvbit, avx, avx2, aes, erms, clmul, bmi1, bmi2, adx, fma, vzeroupper, clflush, clflushopt

Memory: 4k page, system-wide physical 20314M (5080M free)
TotalPageFile size 28506M (AvailPageFile size 4M)
current process WorkingSet (physical memory assigned to process): 102M, peak: 103M
current process commit charge ("private bytes"): 424M, peak: 427M

vm_info: OpenJDK 64-Bit Server VM (17.0.6+0-b2043.56-9586694) for windows-amd64 JRE (17.0.6+0-b2043.56-9586694), built on Feb  9 2023 20:06:20 by "androidbuild" with MS VC++ 16.10 / 16.11 (VS2019)

END.
