#
# There is insufficient memory for the Java Runtime Environment to continue.
# Native memory allocation (malloc) failed to allocate 248176 bytes for Chunk::new
# Possible reasons:
#   The system is out of physical RAM or swap space
#   The process is running with CompressedOops enabled, and the Java Heap may be blocking the growth of the native heap
# Possible solutions:
#   Reduce memory load on the system
#   Increase physical memory or swap space
#   Check if swap backing store is full
#   Decrease Java heap size (-Xmx/-Xms)
#   Decrease number of Java threads
#   Decrease Java thread stack sizes (-Xss)
#   Set larger code cache with -XX:ReservedCodeCacheSize=
#   JVM is running with Zero Based Compressed Oops mode in which the Java heap is
#     placed in the first 32GB address space. The Java Heap base address is the
#     maximum limit for the native heap growth. Please use -XX:HeapBaseMinAddress
#     to set the Java Heap base and to place the Java Heap above 32GB virtual address.
# This output file may be truncated or incomplete.
#
#  Out of Memory Error (arena.cpp:189), pid=21420, tid=9064
#
# JRE version: OpenJDK Runtime Environment (17.0.6) (build 17.0.6+0-b2043.56-9586694)
# Java VM: OpenJDK 64-Bit Server VM (17.0.6+0-b2043.56-9586694, mixed mode, tiered, compressed oops, compressed class ptrs, g1 gc, windows-amd64)
# No core dump will be written. Minidumps are not enabled by default on client versions of Windows
#

---------------  S U M M A R Y ------------

Command Line: -Dorg.gradle.appname=gradlew org.gradle.wrapper.GradleWrapperMain -q -Ptarget-platform=android-arm,android-arm64,android-x64 -Ptarget=lib\main.dart -Pbase-application-name=android.app.Application -Pdart-obfuscation=false -Ptrack-widget-creation=true -Ptree-shake-icons=true assembleRelease

Host: Intel(R) Core(TM) i3-10110U CPU @ 2.10GHz, 4 cores, 19G,  Windows 10 , 64 bit Build 19041 (10.0.19041.5198)
Time: Sun Jan 26 00:30:12 2025 Jordan Standard Time elapsed time: 369.325773 seconds (0d 0h 6m 9s)

---------------  T H R E A D  ---------------

Current thread (0x00000143f55e93b0):  JavaThread "C2 CompilerThread1" daemon [_thread_in_native, id=9064, stack(0x00000034d6100000,0x00000034d6200000)]


Current CompileTask:
C2: 369325 1628 % !   4       java.io.BufferedReader::readLine @ 139 (327 bytes)

Stack: [0x00000034d6100000,0x00000034d6200000]
Native frames: (J=compiled Java code, j=interpreted, Vv=VM code, C=native code)
V  [jvm.dll+0x683b4a]
V  [jvm.dll+0x842654]
V  [jvm.dll+0x843dfe]
V  [jvm.dll+0x844463]
V  [jvm.dll+0x249b75]
V  [jvm.dll+0xabcac]
V  [jvm.dll+0xac27c]
V  [jvm.dll+0x368857]
V  [jvm.dll+0x332f31]
V  [jvm.dll+0x3323da]
V  [jvm.dll+0x21c201]
V  [jvm.dll+0x21b621]
V  [jvm.dll+0x1a4fdd]
V  [jvm.dll+0x22b098]
V  [jvm.dll+0x229159]
V  [jvm.dll+0x7f809c]
V  [jvm.dll+0x7f25fa]
V  [jvm.dll+0x682985]
C  [ucrtbase.dll+0x21bb2]
C  [KERNEL32.DLL+0x17374]
C  [ntdll.dll+0x4cc91]


---------------  P R O C E S S  ---------------

Threads class SMR info:
_java_thread_list=0x00000143f481f010, length=14, elements={
0x00000143d1fd3980, 0x00000143f2630340, 0x00000143f26320d0, 0x00000143f303b020,
0x00000143f303d8f0, 0x00000143f303e1b0, 0x00000143f303ea70, 0x00000143f303f660,
0x00000143f303ff60, 0x00000143f30c5780, 0x00000143f31c5010, 0x00000143f31c8fb0,
0x00000143f3d11fb0, 0x00000143f55e93b0
}

Java Threads: ( => current thread )
  0x00000143d1fd3980 JavaThread "main" [_thread_in_native, id=13280, stack(0x00000034d6200000,0x00000034d6300000)]
  0x00000143f2630340 JavaThread "Reference Handler" daemon [_thread_blocked, id=20168, stack(0x00000034d6900000,0x00000034d6a00000)]
  0x00000143f26320d0 JavaThread "Finalizer" daemon [_thread_blocked, id=9948, stack(0x00000034d6a00000,0x00000034d6b00000)]
  0x00000143f303b020 JavaThread "Signal Dispatcher" daemon [_thread_blocked, id=10776, stack(0x00000034d6b00000,0x00000034d6c00000)]
  0x00000143f303d8f0 JavaThread "Attach Listener" daemon [_thread_blocked, id=21024, stack(0x00000034d6c00000,0x00000034d6d00000)]
  0x00000143f303e1b0 JavaThread "Service Thread" daemon [_thread_blocked, id=7784, stack(0x00000034d6d00000,0x00000034d6e00000)]
  0x00000143f303ea70 JavaThread "Monitor Deflation Thread" daemon [_thread_blocked, id=3552, stack(0x00000034d6e00000,0x00000034d6f00000)]
  0x00000143f303f660 JavaThread "C2 CompilerThread0" daemon [_thread_blocked, id=12656, stack(0x00000034d6f00000,0x00000034d7000000)]
  0x00000143f303ff60 JavaThread "C1 CompilerThread0" daemon [_thread_blocked, id=2628, stack(0x00000034d7000000,0x00000034d7100000)]
  0x00000143f30c5780 JavaThread "Sweeper thread" daemon [_thread_blocked, id=10316, stack(0x00000034d7100000,0x00000034d7200000)]
  0x00000143f31c5010 JavaThread "Notification Thread" daemon [_thread_blocked, id=17020, stack(0x00000034d7200000,0x00000034d7300000)]
  0x00000143f31c8fb0 JavaThread "Common-Cleaner" daemon [_thread_blocked, id=19224, stack(0x00000034d7400000,0x00000034d7500000)]
  0x00000143f3d11fb0 JavaThread "pool-1-thread-1" [_thread_blocked, id=19724, stack(0x00000034d7900000,0x00000034d7a00000)]
=>0x00000143f55e93b0 JavaThread "C2 CompilerThread1" daemon [_thread_in_native, id=9064, stack(0x00000034d6100000,0x00000034d6200000)]

Other Threads:
  0x00000143f25e5380 VMThread "VM Thread" [stack: 0x00000034d6800000,0x00000034d6900000] [id=15984]
  0x00000143f31c5d00 WatcherThread [stack: 0x00000034d7300000,0x00000034d7400000] [id=4488]
  0x00000143d204ba10 GCTaskThread "GC Thread#0" [stack: 0x00000034d6300000,0x00000034d6400000] [id=8180]
  0x00000143f349da70 GCTaskThread "GC Thread#1" [stack: 0x00000034d7600000,0x00000034d7700000] [id=14004]
  0x00000143f349dd20 GCTaskThread "GC Thread#2" [stack: 0x00000034d7700000,0x00000034d7800000] [id=13912]
  0x00000143f34675c0 GCTaskThread "GC Thread#3" [stack: 0x00000034d7800000,0x00000034d7900000] [id=10472]
  0x00000143d2057730 ConcurrentGCThread "G1 Main Marker" [stack: 0x00000034d6400000,0x00000034d6500000] [id=15716]
  0x00000143d2059800 ConcurrentGCThread "G1 Conc#0" [stack: 0x00000034d6500000,0x00000034d6600000] [id=9916]
  0x00000143f24a20b0 ConcurrentGCThread "G1 Refine#0" [stack: 0x00000034d6600000,0x00000034d6700000] [id=20788]
  0x00000143f24a29e0 ConcurrentGCThread "G1 Service" [stack: 0x00000034d6700000,0x00000034d6800000] [id=18720]

Threads with active compile tasks:
C2 CompilerThread1   369344 1628 % !   4       java.io.BufferedReader::readLine @ 139 (327 bytes)

VM state: not at safepoint (normal execution)

VM Mutex/Monitor currently owned by a thread: None

Heap address: 0x00000006c2800000, size: 5080 MB, Compressed Oops mode: Zero based, Oop shift amount: 3

CDS archive(s) not mapped
Compressed class space mapped at: 0x0000000800000000-0x0000000840000000, reserved size: 1073741824
Narrow klass base: 0x0000000800000000, Narrow klass shift: 0, Narrow klass range: 0x40000000

GC Precious Log:
 CPUs: 4 total, 4 available
 Memory: 20314M
 Large Page Support: Disabled
 NUMA Support: Disabled
 Compressed Oops: Enabled (Zero based)
 Heap Region Size: 4M
 Heap Min Capacity: 8M
 Heap Initial Capacity: 320M
 Heap Max Capacity: 5080M
 Pre-touch: Disabled
 Parallel Workers: 4
 Concurrent Workers: 1
 Concurrent Refinement Workers: 4
 Periodic GC: Disabled

Heap:
 garbage-first heap   total 327680K, used 35505K [0x00000006c2800000, 0x0000000800000000)
  region size 4096K, 8 young (32768K), 1 survivors (4096K)
 Metaspace       used 17550K, committed 17728K, reserved 1064960K
  class space    used 2047K, committed 2112K, reserved 1048576K

Heap Regions: E=young(eden), S=young(survivor), O=old, HS=humongous(starts), HC=humongous(continues), CS=collection set, F=free, OA=open archive, CA=closed archive, TAMS=top-at-mark-start (previous, next)
|   0|0x00000006c2800000, 0x00000006c2c00000, 0x00000006c2c00000|100%|HS|  |TAMS 0x00000006c2800000, 0x00000006c2800000| Complete 
|   1|0x00000006c2c00000, 0x00000006c2eac600, 0x00000006c3000000| 66%| O|  |TAMS 0x00000006c2c00000, 0x00000006c2c00000| Untracked 
|   2|0x00000006c3000000, 0x00000006c3000000, 0x00000006c3400000|  0%| F|  |TAMS 0x00000006c3000000, 0x00000006c3000000| Untracked 
|   3|0x00000006c3400000, 0x00000006c3400000, 0x00000006c3800000|  0%| F|  |TAMS 0x00000006c3400000, 0x00000006c3400000| Untracked 
|   4|0x00000006c3800000, 0x00000006c3800000, 0x00000006c3c00000|  0%| F|  |TAMS 0x00000006c3800000, 0x00000006c3800000| Untracked 
|   5|0x00000006c3c00000, 0x00000006c3c00000, 0x00000006c4000000|  0%| F|  |TAMS 0x00000006c3c00000, 0x00000006c3c00000| Untracked 
|   6|0x00000006c4000000, 0x00000006c4000000, 0x00000006c4400000|  0%| F|  |TAMS 0x00000006c4000000, 0x00000006c4000000| Untracked 
|   7|0x00000006c4400000, 0x00000006c4400000, 0x00000006c4800000|  0%| F|  |TAMS 0x00000006c4400000, 0x00000006c4400000| Untracked 
|   8|0x00000006c4800000, 0x00000006c4800000, 0x00000006c4c00000|  0%| F|  |TAMS 0x00000006c4800000, 0x00000006c4800000| Untracked 
|   9|0x00000006c4c00000, 0x00000006c4c00000, 0x00000006c5000000|  0%| F|  |TAMS 0x00000006c4c00000, 0x00000006c4c00000| Untracked 
|  10|0x00000006c5000000, 0x00000006c5000000, 0x00000006c5400000|  0%| F|  |TAMS 0x00000006c5000000, 0x00000006c5000000| Untracked 
|  11|0x00000006c5400000, 0x00000006c5400000, 0x00000006c5800000|  0%| F|  |TAMS 0x00000006c5400000, 0x00000006c5400000| Untracked 
|  12|0x00000006c5800000, 0x00000006c5800000, 0x00000006c5c00000|  0%| F|  |TAMS 0x00000006c5800000, 0x00000006c5800000| Untracked 
|  13|0x00000006c5c00000, 0x00000006c5c00000, 0x00000006c6000000|  0%| F|  |TAMS 0x00000006c5c00000, 0x00000006c5c00000| Untracked 
|  14|0x00000006c6000000, 0x00000006c6000000, 0x00000006c6400000|  0%| F|  |TAMS 0x00000006c6000000, 0x00000006c6000000| Untracked 
|  15|0x00000006c6400000, 0x00000006c6400000, 0x00000006c6800000|  0%| F|  |TAMS 0x00000006c6400000, 0x00000006c6400000| Untracked 
|  16|0x00000006c6800000, 0x00000006c6800000, 0x00000006c6c00000|  0%| F|  |TAMS 0x00000006c6800000, 0x00000006c6800000| Untracked 
|  17|0x00000006c6c00000, 0x00000006c6c00000, 0x00000006c7000000|  0%| F|  |TAMS 0x00000006c6c00000, 0x00000006c6c00000| Untracked 
|  18|0x00000006c7000000, 0x00000006c7000000, 0x00000006c7400000|  0%| F|  |TAMS 0x00000006c7000000, 0x00000006c7000000| Untracked 
|  19|0x00000006c7400000, 0x00000006c7400000, 0x00000006c7800000|  0%| F|  |TAMS 0x00000006c7400000, 0x00000006c7400000| Untracked 
|  20|0x00000006c7800000, 0x00000006c7800000, 0x00000006c7c00000|  0%| F|  |TAMS 0x00000006c7800000, 0x00000006c7800000| Untracked 
|  21|0x00000006c7c00000, 0x00000006c7c00000, 0x00000006c8000000|  0%| F|  |TAMS 0x00000006c7c00000, 0x00000006c7c00000| Untracked 
|  22|0x00000006c8000000, 0x00000006c8000000, 0x00000006c8400000|  0%| F|  |TAMS 0x00000006c8000000, 0x00000006c8000000| Untracked 
|  23|0x00000006c8400000, 0x00000006c8400000, 0x00000006c8800000|  0%| F|  |TAMS 0x00000006c8400000, 0x00000006c8400000| Untracked 
|  24|0x00000006c8800000, 0x00000006c8800000, 0x00000006c8c00000|  0%| F|  |TAMS 0x00000006c8800000, 0x00000006c8800000| Untracked 
|  25|0x00000006c8c00000, 0x00000006c8c00000, 0x00000006c9000000|  0%| F|  |TAMS 0x00000006c8c00000, 0x00000006c8c00000| Untracked 
|  26|0x00000006c9000000, 0x00000006c9000000, 0x00000006c9400000|  0%| F|  |TAMS 0x00000006c9000000, 0x00000006c9000000| Untracked 
|  27|0x00000006c9400000, 0x00000006c9400000, 0x00000006c9800000|  0%| F|  |TAMS 0x00000006c9400000, 0x00000006c9400000| Untracked 
|  28|0x00000006c9800000, 0x00000006c9800000, 0x00000006c9c00000|  0%| F|  |TAMS 0x00000006c9800000, 0x00000006c9800000| Untracked 
|  29|0x00000006c9c00000, 0x00000006c9c00000, 0x00000006ca000000|  0%| F|  |TAMS 0x00000006c9c00000, 0x00000006c9c00000| Untracked 
|  30|0x00000006ca000000, 0x00000006ca000000, 0x00000006ca400000|  0%| F|  |TAMS 0x00000006ca000000, 0x00000006ca000000| Untracked 
|  31|0x00000006ca400000, 0x00000006ca400000, 0x00000006ca800000|  0%| F|  |TAMS 0x00000006ca400000, 0x00000006ca400000| Untracked 
|  32|0x00000006ca800000, 0x00000006ca800000, 0x00000006cac00000|  0%| F|  |TAMS 0x00000006ca800000, 0x00000006ca800000| Untracked 
|  33|0x00000006cac00000, 0x00000006cac00000, 0x00000006cb000000|  0%| F|  |TAMS 0x00000006cac00000, 0x00000006cac00000| Untracked 
|  34|0x00000006cb000000, 0x00000006cb000000, 0x00000006cb400000|  0%| F|  |TAMS 0x00000006cb000000, 0x00000006cb000000| Untracked 
|  35|0x00000006cb400000, 0x00000006cb400000, 0x00000006cb800000|  0%| F|  |TAMS 0x00000006cb400000, 0x00000006cb400000| Untracked 
|  36|0x00000006cb800000, 0x00000006cb800000, 0x00000006cbc00000|  0%| F|  |TAMS 0x00000006cb800000, 0x00000006cb800000| Untracked 
|  37|0x00000006cbc00000, 0x00000006cbc00000, 0x00000006cc000000|  0%| F|  |TAMS 0x00000006cbc00000, 0x00000006cbc00000| Untracked 
|  38|0x00000006cc000000, 0x00000006cc000000, 0x00000006cc400000|  0%| F|  |TAMS 0x00000006cc000000, 0x00000006cc000000| Untracked 
|  39|0x00000006cc400000, 0x00000006cc400000, 0x00000006cc800000|  0%| F|  |TAMS 0x00000006cc400000, 0x00000006cc400000| Untracked 
|  40|0x00000006cc800000, 0x00000006cc800000, 0x00000006ccc00000|  0%| F|  |TAMS 0x00000006cc800000, 0x00000006cc800000| Untracked 
|  41|0x00000006ccc00000, 0x00000006ccc00000, 0x00000006cd000000|  0%| F|  |TAMS 0x00000006ccc00000, 0x00000006ccc00000| Untracked 
|  42|0x00000006cd000000, 0x00000006cd000000, 0x00000006cd400000|  0%| F|  |TAMS 0x00000006cd000000, 0x00000006cd000000| Untracked 
|  43|0x00000006cd400000, 0x00000006cd400000, 0x00000006cd800000|  0%| F|  |TAMS 0x00000006cd400000, 0x00000006cd400000| Untracked 
|  44|0x00000006cd800000, 0x00000006cd800000, 0x00000006cdc00000|  0%| F|  |TAMS 0x00000006cd800000, 0x00000006cd800000| Untracked 
|  45|0x00000006cdc00000, 0x00000006cdc00000, 0x00000006ce000000|  0%| F|  |TAMS 0x00000006cdc00000, 0x00000006cdc00000| Untracked 
|  46|0x00000006ce000000, 0x00000006ce000000, 0x00000006ce400000|  0%| F|  |TAMS 0x00000006ce000000, 0x00000006ce000000| Untracked 
|  47|0x00000006ce400000, 0x00000006ce400000, 0x00000006ce800000|  0%| F|  |TAMS 0x00000006ce400000, 0x00000006ce400000| Untracked 
|  48|0x00000006ce800000, 0x00000006ce800000, 0x00000006cec00000|  0%| F|  |TAMS 0x00000006ce800000, 0x00000006ce800000| Untracked 
|  49|0x00000006cec00000, 0x00000006cec00000, 0x00000006cf000000|  0%| F|  |TAMS 0x00000006cec00000, 0x00000006cec00000| Untracked 
|  50|0x00000006cf000000, 0x00000006cf000000, 0x00000006cf400000|  0%| F|  |TAMS 0x00000006cf000000, 0x00000006cf000000| Untracked 
|  51|0x00000006cf400000, 0x00000006cf400000, 0x00000006cf800000|  0%| F|  |TAMS 0x00000006cf400000, 0x00000006cf400000| Untracked 
|  52|0x00000006cf800000, 0x00000006cf800000, 0x00000006cfc00000|  0%| F|  |TAMS 0x00000006cf800000, 0x00000006cf800000| Untracked 
|  53|0x00000006cfc00000, 0x00000006cfc00000, 0x00000006d0000000|  0%| F|  |TAMS 0x00000006cfc00000, 0x00000006cfc00000| Untracked 
|  54|0x00000006d0000000, 0x00000006d0000000, 0x00000006d0400000|  0%| F|  |TAMS 0x00000006d0000000, 0x00000006d0000000| Untracked 
|  55|0x00000006d0400000, 0x00000006d0400000, 0x00000006d0800000|  0%| F|  |TAMS 0x00000006d0400000, 0x00000006d0400000| Untracked 
|  56|0x00000006d0800000, 0x00000006d0800000, 0x00000006d0c00000|  0%| F|  |TAMS 0x00000006d0800000, 0x00000006d0800000| Untracked 
|  57|0x00000006d0c00000, 0x00000006d0c00000, 0x00000006d1000000|  0%| F|  |TAMS 0x00000006d0c00000, 0x00000006d0c00000| Untracked 
|  58|0x00000006d1000000, 0x00000006d1000000, 0x00000006d1400000|  0%| F|  |TAMS 0x00000006d1000000, 0x00000006d1000000| Untracked 
|  59|0x00000006d1400000, 0x00000006d1400000, 0x00000006d1800000|  0%| F|  |TAMS 0x00000006d1400000, 0x00000006d1400000| Untracked 
|  60|0x00000006d1800000, 0x00000006d1800000, 0x00000006d1c00000|  0%| F|  |TAMS 0x00000006d1800000, 0x00000006d1800000| Untracked 
|  61|0x00000006d1c00000, 0x00000006d1c00000, 0x00000006d2000000|  0%| F|  |TAMS 0x00000006d1c00000, 0x00000006d1c00000| Untracked 
|  62|0x00000006d2000000, 0x00000006d2000000, 0x00000006d2400000|  0%| F|  |TAMS 0x00000006d2000000, 0x00000006d2000000| Untracked 
|  63|0x00000006d2400000, 0x00000006d2400000, 0x00000006d2800000|  0%| F|  |TAMS 0x00000006d2400000, 0x00000006d2400000| Untracked 
|  64|0x00000006d2800000, 0x00000006d2800000, 0x00000006d2c00000|  0%| F|  |TAMS 0x00000006d2800000, 0x00000006d2800000| Untracked 
|  65|0x00000006d2c00000, 0x00000006d2c00000, 0x00000006d3000000|  0%| F|  |TAMS 0x00000006d2c00000, 0x00000006d2c00000| Untracked 
|  66|0x00000006d3000000, 0x00000006d3000000, 0x00000006d3400000|  0%| F|  |TAMS 0x00000006d3000000, 0x00000006d3000000| Untracked 
|  67|0x00000006d3400000, 0x00000006d3400000, 0x00000006d3800000|  0%| F|  |TAMS 0x00000006d3400000, 0x00000006d3400000| Untracked 
|  68|0x00000006d3800000, 0x00000006d3800000, 0x00000006d3c00000|  0%| F|  |TAMS 0x00000006d3800000, 0x00000006d3800000| Untracked 
|  69|0x00000006d3c00000, 0x00000006d3c00000, 0x00000006d4000000|  0%| F|  |TAMS 0x00000006d3c00000, 0x00000006d3c00000| Untracked 
|  70|0x00000006d4000000, 0x00000006d4000000, 0x00000006d4400000|  0%| F|  |TAMS 0x00000006d4000000, 0x00000006d4000000| Untracked 
|  71|0x00000006d4400000, 0x00000006d4400000, 0x00000006d4800000|  0%| F|  |TAMS 0x00000006d4400000, 0x00000006d4400000| Untracked 
|  72|0x00000006d4800000, 0x00000006d49e6a30, 0x00000006d4c00000| 47%| E|  |TAMS 0x00000006d4800000, 0x00000006d4800000| Complete 
|  73|0x00000006d4c00000, 0x00000006d5000000, 0x00000006d5000000|100%| E|CS|TAMS 0x00000006d4c00000, 0x00000006d4c00000| Complete 
|  74|0x00000006d5000000, 0x00000006d5400000, 0x00000006d5400000|100%| S|CS|TAMS 0x00000006d5000000, 0x00000006d5000000| Complete 
|  75|0x00000006d5400000, 0x00000006d5800000, 0x00000006d5800000|100%| E|CS|TAMS 0x00000006d5400000, 0x00000006d5400000| Complete 
|  76|0x00000006d5800000, 0x00000006d5c00000, 0x00000006d5c00000|100%| E|CS|TAMS 0x00000006d5800000, 0x00000006d5800000| Complete 
|  77|0x00000006d5c00000, 0x00000006d6000000, 0x00000006d6000000|100%| E|CS|TAMS 0x00000006d5c00000, 0x00000006d5c00000| Complete 
|  78|0x00000006d6000000, 0x00000006d6400000, 0x00000006d6400000|100%| E|CS|TAMS 0x00000006d6000000, 0x00000006d6000000| Complete 
|  79|0x00000006d6400000, 0x00000006d6800000, 0x00000006d6800000|100%| E|CS|TAMS 0x00000006d6400000, 0x00000006d6400000| Complete 

Card table byte_map: [0x00000143e4e90000,0x00000143e5880000] _byte_map_base: 0x00000143e187c000

Marking Bits (Prev, Next): (CMBitMap*) 0x00000143d204cf40, (CMBitMap*) 0x00000143d204cf80
 Prev Bits: [0x00000143e6270000, 0x00000143eb1d0000)
 Next Bits: [0x00000143eb1d0000, 0x00000143f0130000)

Polling page: 0x00000143cfe10000

Metaspace:

Usage:
  Non-class:     15.14 MB used.
      Class:      2.00 MB used.
       Both:     17.14 MB used.

Virtual space:
  Non-class space:       16.00 MB reserved,      15.25 MB ( 95%) committed,  2 nodes.
      Class space:        1.00 GB reserved,       2.06 MB ( <1%) committed,  1 nodes.
             Both:        1.02 GB reserved,      17.31 MB (  2%) committed. 

Chunk freelists:
   Non-Class:  510.00 KB
       Class:  1.95 MB
        Both:  2.45 MB

MaxMetaspaceSize: unlimited
CompressedClassSpaceSize: 1.00 GB
Initial GC threshold: 21.00 MB
Current GC threshold: 21.00 MB
CDS: off
MetaspaceReclaimPolicy: balanced
 - commit_granule_bytes: 65536.
 - commit_granule_words: 8192.
 - virtual_space_node_default_size: 1048576.
 - enlarge_chunks_in_place: 1.
 - new_chunks_are_fully_committed: 0.
 - uncommit_free_chunks: 1.
 - use_allocation_guard: 0.
 - handle_deallocations: 1.


Internal statistics:

num_allocs_failed_limit: 0.
num_arena_births: 74.
num_arena_deaths: 0.
num_vsnodes_births: 3.
num_vsnodes_deaths: 0.
num_space_committed: 277.
num_space_uncommitted: 0.
num_chunks_returned_to_freelist: 0.
num_chunks_taken_from_freelist: 370.
num_chunk_merges: 0.
num_chunk_splits: 232.
num_chunks_enlarged: 188.
num_purges: 0.
num_inconsistent_stats: 0.

CodeHeap 'non-profiled nmethods': size=120000Kb used=848Kb max_used=848Kb free=119151Kb
 bounds [0x00000143dcf70000, 0x00000143dd1e0000, 0x00000143e44a0000]
CodeHeap 'profiled nmethods': size=120000Kb used=3055Kb max_used=3055Kb free=116945Kb
 bounds [0x00000143d54a0000, 0x00000143d57a0000, 0x00000143dc9d0000]
CodeHeap 'non-nmethods': size=5760Kb used=1169Kb max_used=1203Kb free=4590Kb
 bounds [0x00000143dc9d0000, 0x00000143dcc40000, 0x00000143dcf70000]
 total_blobs=2122 nmethods=1657 adapters=378
 compilation: enabled
              stopped_count=0, restarted_count=0
 full_count=0

Compilation events (20 events):
Event: 369.311 Thread 0x00000143f303ff60 1649       3       java.nio.CharBuffer::hasArray (20 bytes)
Event: 369.311 Thread 0x00000143f303ff60 nmethod 1649 0x00000143d5792010 code [0x00000143d57921a0, 0x00000143d5792358]
Event: 369.311 Thread 0x00000143f303ff60 1650       3       java.nio.CharBuffer::array (35 bytes)
Event: 369.311 Thread 0x00000143f303ff60 nmethod 1650 0x00000143d5792410 code [0x00000143d57925e0, 0x00000143d57928b8]
Event: 369.311 Thread 0x00000143f303ff60 1651       3       java.nio.charset.CoderResult::isOverflow (14 bytes)
Event: 369.311 Thread 0x00000143f303ff60 nmethod 1651 0x00000143d5792a10 code [0x00000143d5792ba0, 0x00000143d5792d18]
Event: 369.313 Thread 0x00000143f303ff60 1652       3       sun.nio.cs.UTF_8$Decoder::decodeLoop (28 bytes)
Event: 369.314 Thread 0x00000143f303ff60 nmethod 1652 0x00000143d5792d90 code [0x00000143d5792f60, 0x00000143d5793378]
Event: 369.314 Thread 0x00000143f303ff60 1653       3       sun.nio.cs.UTF_8$Decoder::decodeArrayLoop (688 bytes)
Event: 369.317 Thread 0x00000143f303ff60 nmethod 1653 0x00000143d5793510 code [0x00000143d5793d40, 0x00000143d5798eb8]
Event: 369.317 Thread 0x00000143f303ff60 1654       3       java.lang.System$2::decodeASCII (11 bytes)
Event: 369.318 Thread 0x00000143f303ff60 nmethod 1654 0x00000143d579a610 code [0x00000143d579a7a0, 0x00000143d579a8e8]
Event: 369.318 Thread 0x00000143f303ff60 1657       3       java.security.AccessController::doPrivileged (9 bytes)
Event: 369.318 Thread 0x00000143f303ff60 nmethod 1657 0x00000143d579a990 code [0x00000143d579ab60, 0x00000143d579ae98]
Event: 369.320 Thread 0x00000143f303ff60 1658       3       java.lang.invoke.MethodTypeForm::cachedLambdaForm (23 bytes)
Event: 369.320 Thread 0x00000143f303ff60 nmethod 1658 0x00000143d579b010 code [0x00000143d579b1c0, 0x00000143d579b528]
Event: 369.322 Thread 0x00000143f303ff60 1659       3       java.net.URI::match (56 bytes)
Event: 369.322 Thread 0x00000143f303ff60 nmethod 1659 0x00000143d579b690 code [0x00000143d579b840, 0x00000143d579bb38]
Event: 369.324 Thread 0x00000143f303f660 nmethod 1619% 0x00000143dd040690 code [0x00000143dd040860, 0x00000143dd041d28]
Event: 369.324 Thread 0x00000143f303f660 1646       4       java.lang.String::<init> (14 bytes)

GC Heap History (4 events):
Event: 0.700 GC heap before
{Heap before GC invocations=0 (full 0):
 garbage-first heap   total 327680K, used 16384K [0x00000006c2800000, 0x0000000800000000)
  region size 4096K, 4 young (16384K), 0 survivors (0K)
 Metaspace       used 8251K, committed 8320K, reserved 1056768K
  class space    used 722K, committed 768K, reserved 1048576K
}
Event: 0.705 GC heap after
{Heap after GC invocations=1 (full 0):
 garbage-first heap   total 327680K, used 1606K [0x00000006c2800000, 0x0000000800000000)
  region size 4096K, 1 young (4096K), 1 survivors (4096K)
 Metaspace       used 8251K, committed 8320K, reserved 1056768K
  class space    used 722K, committed 768K, reserved 1048576K
}
Event: 1.308 GC heap before
{Heap before GC invocations=1 (full 0):
 garbage-first heap   total 327680K, used 22086K [0x00000006c2800000, 0x0000000800000000)
  region size 4096K, 5 young (20480K), 1 survivors (4096K)
 Metaspace       used 10750K, committed 10880K, reserved 1064960K
  class space    used 1080K, committed 1152K, reserved 1048576K
}
Event: 1.314 GC heap after
{Heap after GC invocations=2 (full 0):
 garbage-first heap   total 327680K, used 10929K [0x00000006c2800000, 0x0000000800000000)
  region size 4096K, 1 young (4096K), 1 survivors (4096K)
 Metaspace       used 10750K, committed 10880K, reserved 1064960K
  class space    used 1080K, committed 1152K, reserved 1048576K
}

Dll operation events (2 events):
Event: 0.009 Loaded shared library C:\Program Files\Android\Android Studio\jbr\bin\java.dll
Event: 0.227 Loaded shared library C:\Program Files\Android\Android Studio\jbr\bin\verify.dll

Deoptimization events (20 events):
Event: 369.316 Thread 0x00000143d1fd3980 Uncommon trap: trap_request=0xffffffde fr.pc=0x00000143dd029fc0 relative=0x0000000000002b40
Event: 369.316 Thread 0x00000143d1fd3980 Uncommon trap: reason=class_check action=maybe_recompile pc=0x00000143dd029fc0 method=org.gradle.internal.logging.sink.OutputEventTransformer.onOutput(Lorg/gradle/internal/logging/events/OutputEvent;)V @ 308 c2
Event: 369.316 Thread 0x00000143d1fd3980 DEOPT PACKING pc=0x00000143dd029fc0 sp=0x00000034d62fd390
Event: 369.317 Thread 0x00000143d1fd3980 DEOPT UNPACKING pc=0x00000143dca269a3 sp=0x00000034d62fd398 mode 2
Event: 369.321 Thread 0x00000143d1fd3980 Uncommon trap: trap_request=0xffffff45 fr.pc=0x00000143dcf9ec4c relative=0x000000000000004c
Event: 369.321 Thread 0x00000143d1fd3980 Uncommon trap: reason=unstable_if action=reinterpret pc=0x00000143dcf9ec4c method=java.net.URI.match(CJJ)Z @ 19 c2
Event: 369.321 Thread 0x00000143d1fd3980 DEOPT PACKING pc=0x00000143dcf9ec4c sp=0x00000034d62fd030
Event: 369.322 Thread 0x00000143d1fd3980 DEOPT UNPACKING pc=0x00000143dca269a3 sp=0x00000034d62fcfb8 mode 2
Event: 369.322 Thread 0x00000143d1fd3980 Uncommon trap: trap_request=0xffffffde fr.pc=0x00000143dd029fc0 relative=0x0000000000002b40
Event: 369.322 Thread 0x00000143d1fd3980 Uncommon trap: reason=class_check action=maybe_recompile pc=0x00000143dd029fc0 method=org.gradle.internal.logging.sink.OutputEventTransformer.onOutput(Lorg/gradle/internal/logging/events/OutputEvent;)V @ 308 c2
Event: 369.322 Thread 0x00000143d1fd3980 DEOPT PACKING pc=0x00000143dd029fc0 sp=0x00000034d62fd260
Event: 369.322 Thread 0x00000143d1fd3980 DEOPT UNPACKING pc=0x00000143dca269a3 sp=0x00000034d62fd268 mode 2
Event: 369.322 Thread 0x00000143d1fd3980 Uncommon trap: trap_request=0xffffff45 fr.pc=0x00000143dd01a76c relative=0x000000000000016c
Event: 369.322 Thread 0x00000143d1fd3980 Uncommon trap: reason=unstable_if action=reinterpret pc=0x00000143dd01a76c method=java.util.concurrent.locks.ReentrantLock$NonfairSync.initialTryLock()Z @ 10 c2
Event: 369.322 Thread 0x00000143d1fd3980 DEOPT PACKING pc=0x00000143dd01a76c sp=0x00000034d62fd390
Event: 369.323 Thread 0x00000143d1fd3980 DEOPT UNPACKING pc=0x00000143dca269a3 sp=0x00000034d62fd338 mode 2
Event: 369.323 Thread 0x00000143d1fd3980 Uncommon trap: trap_request=0xffffff45 fr.pc=0x00000143dd017e54 relative=0x00000000000000d4
Event: 369.323 Thread 0x00000143d1fd3980 Uncommon trap: reason=unstable_if action=reinterpret pc=0x00000143dd017e54 method=java.util.concurrent.locks.ReentrantLock$Sync.tryRelease(I)Z @ 26 c2
Event: 369.323 Thread 0x00000143d1fd3980 DEOPT PACKING pc=0x00000143dd017e54 sp=0x00000034d62fd390
Event: 369.323 Thread 0x00000143d1fd3980 DEOPT UNPACKING pc=0x00000143dca269a3 sp=0x00000034d62fd330 mode 2

Classes unloaded (0 events):
No events

Classes redefined (0 events):
No events

Internal exceptions (20 events):
Event: 1.440 Thread 0x00000143d1fd3980 Exception <a 'java/lang/NoSuchMethodError'{0x00000006d66b0f88}: 'java.lang.Object java.lang.invoke.DirectMethodHandle$Holder.invokeStatic(java.lang.Object, java.lang.Object, int)'> (0x00000006d66b0f88) 
thrown [s\src\hotspot\share\interpreter\linkResolver.cpp, line 771]
Event: 1.443 Thread 0x00000143d1fd3980 Exception <a 'java/lang/NoSuchMethodError'{0x00000006d66bced0}: 'void java.lang.invoke.DelegatingMethodHandle$Holder.delegate(java.lang.Object, java.lang.Object, int, java.lang.Object)'> (0x00000006d66bced0) 
thrown [s\src\hotspot\share\interpreter\linkResolver.cpp, line 771]
Event: 1.445 Thread 0x00000143d1fd3980 Exception <a 'java/lang/NoSuchMethodError'{0x00000006d66c0f88}: 'int java.lang.invoke.DirectMethodHandle$Holder.invokeSpecial(java.lang.Object, java.lang.Object, java.lang.Object)'> (0x00000006d66c0f88) 
thrown [s\src\hotspot\share\interpreter\linkResolver.cpp, line 771]
Event: 1.450 Thread 0x00000143d1fd3980 Exception <a 'java/lang/NoSuchMethodError'{0x00000006d66d41b0}: 'java.lang.Object java.lang.invoke.Invokers$Holder.invokeExact_MT(java.lang.Object, java.lang.Object, java.lang.Object, java.lang.Object)'> (0x00000006d66d41b0) 
thrown [s\src\hotspot\share\interpreter\linkResolver.cpp, line 771]
Event: 1.462 Thread 0x00000143d1fd3980 Exception <a 'java/lang/NoSuchMethodError'{0x00000006d670dba8}: 'java.lang.Object java.lang.invoke.DirectMethodHandle$Holder.invokeVirtual(java.lang.Object, java.lang.Object, java.lang.Object)'> (0x00000006d670dba8) 
thrown [s\src\hotspot\share\interpreter\linkResolver.cpp, line 771]
Event: 1.574 Thread 0x00000143d1fd3980 Exception <a 'java/lang/NoSuchMethodError'{0x00000006d627eb20}: 'java.lang.Object java.lang.invoke.DirectMethodHandle$Holder.newInvokeSpecial(java.lang.Object, java.lang.Object, java.lang.Object, java.lang.Object, java.lang.Object)'> (0x00000006d627eb20) 
thrown [s\src\hotspot\share\interpreter\linkResolver.cpp, line 771]
Event: 1.647 Thread 0x00000143d1fd3980 Exception <a 'java/lang/NoSuchMethodError'{0x00000006d5d54810}: 'void java.lang.invoke.DirectMethodHandle$Holder.invokeSpecial(java.lang.Object, java.lang.Object, java.lang.Object)'> (0x00000006d5d54810) 
thrown [s\src\hotspot\share\interpreter\linkResolver.cpp, line 771]
Event: 1.660 Thread 0x00000143d1fd3980 Implicit null exception at 0x00000143dcfd6910 to 0x00000143dcfd6ec4
Event: 1.660 Thread 0x00000143d1fd3980 Implicit null exception at 0x00000143dcfc6710 to 0x00000143dcfc6ccc
Event: 1.660 Thread 0x00000143d1fd3980 Implicit null exception at 0x00000143dcfeee0f to 0x00000143dcfeee89
Event: 1.686 Thread 0x00000143d1fd3980 Exception <a 'java/lang/NoSuchMethodError'{0x00000006d5ed1388}: 'java.lang.Object java.lang.invoke.DirectMethodHandle$Holder.invokeStaticInit(java.lang.Object)'> (0x00000006d5ed1388) 
thrown [s\src\hotspot\share\interpreter\linkResolver.cpp, line 771]
Event: 1.718 Thread 0x00000143d1fd3980 Exception <a 'java/lang/NoSuchMethodError'{0x00000006d5f78118}: 'int java.lang.invoke.DirectMethodHandle$Holder.invokeVirtual(java.lang.Object, java.lang.Object, java.lang.Object)'> (0x00000006d5f78118) 
thrown [s\src\hotspot\share\interpreter\linkResolver.cpp, line 771]
Event: 1.778 Thread 0x00000143d1fd3980 Exception <a 'java/lang/NoSuchMethodError'{0x00000006d59ce298}: 'java.lang.Object java.lang.invoke.DirectMethodHandle$Holder.invokeSpecialIFC(java.lang.Object, java.lang.Object, java.lang.Object, java.lang.Object)'> (0x00000006d59ce298) 
thrown [s\src\hotspot\share\interpreter\linkResolver.cpp, line 771]
Event: 1.858 Thread 0x00000143d1fd3980 Exception <a 'java/lang/NoSuchMethodError'{0x00000006d549c7a8}: 'java.lang.Object java.lang.invoke.DirectMethodHandle$Holder.invokeStaticInit(java.lang.Object, int, int, int, int)'> (0x00000006d549c7a8) 
thrown [s\src\hotspot\share\interpreter\linkResolver.cpp, line 771]
Event: 1.929 Thread 0x00000143d1fd3980 Exception <a 'java/lang/NoSuchMethodError'{0x00000006d54f5cf8}: 'java.lang.Object java.lang.invoke.DirectMethodHandle$Holder.invokeStaticInit(java.lang.Object, java.lang.Object, int, int, int, int)'> (0x00000006d54f5cf8) 
thrown [s\src\hotspot\share\interpreter\linkResolver.cpp, line 771]
Event: 2.086 Thread 0x00000143d1fd3980 Exception <a 'java/lang/NoSuchMethodError'{0x00000006d5528b28}: 'void java.lang.invoke.DirectMethodHandle$Holder.invokeStatic(java.lang.Object, java.lang.Object, java.lang.Object)'> (0x00000006d5528b28) 
thrown [s\src\hotspot\share\interpreter\linkResolver.cpp, line 771]
Event: 2.122 Thread 0x00000143d1fd3980 Implicit null exception at 0x00000143dcfacff2 to 0x00000143dcfad64c
Event: 369.284 Thread 0x00000143d1fd3980 Exception <a 'sun/net/ConnectionResetException'{0x00000006d4ff6428}: Connection reset> (0x00000006d4ff6428) 
thrown [s\src\hotspot\share\prims\jni.cpp, line 536]
Event: 369.317 Thread 0x00000143d1fd3980 Exception <a 'java/lang/NoSuchMethodError'{0x00000006d4971a78}: 'int java.lang.invoke.DirectMethodHandle$Holder.invokeVirtual(java.lang.Object, java.lang.Object)'> (0x00000006d4971a78) 
thrown [s\src\hotspot\share\interpreter\linkResolver.cpp, line 771]
Event: 369.322 Thread 0x00000143d1fd3980 Exception <a 'java/io/IOException'{0x00000006d497dc70}: Connection reset by peer> (0x00000006d497dc70) 
thrown [s\src\hotspot\share\prims\jni.cpp, line 536]

VM Operations (20 events):
Event: 150.317 Executing VM operation: Cleanup
Event: 150.317 Executing VM operation: Cleanup done
Event: 153.327 Executing VM operation: Cleanup
Event: 153.327 Executing VM operation: Cleanup done
Event: 154.341 Executing VM operation: Cleanup
Event: 154.341 Executing VM operation: Cleanup done
Event: 155.342 Executing VM operation: Cleanup
Event: 155.343 Executing VM operation: Cleanup done
Event: 156.355 Executing VM operation: Cleanup
Event: 156.355 Executing VM operation: Cleanup done
Event: 157.360 Executing VM operation: Cleanup
Event: 157.360 Executing VM operation: Cleanup done
Event: 158.374 Executing VM operation: Cleanup
Event: 158.374 Executing VM operation: Cleanup done
Event: 159.387 Executing VM operation: Cleanup
Event: 159.387 Executing VM operation: Cleanup done
Event: 166.458 Executing VM operation: Cleanup
Event: 166.458 Executing VM operation: Cleanup done
Event: 283.572 Executing VM operation: Cleanup
Event: 283.572 Executing VM operation: Cleanup done

Events (20 events):
Event: 369.289 loading class java/nio/file/FileChannelLinesSpliterator done
Event: 369.289 loading class sun/nio/fs/WindowsSecurityDescriptor
Event: 369.289 loading class sun/nio/fs/WindowsSecurityDescriptor done
Event: 369.289 loading class sun/nio/fs/WindowsChannelFactory
Event: 369.290 loading class sun/nio/fs/WindowsChannelFactory done
Event: 369.290 loading class sun/nio/fs/WindowsChannelFactory$1
Event: 369.290 loading class sun/nio/fs/WindowsChannelFactory$1 done
Event: 369.290 loading class sun/nio/fs/WindowsChannelFactory$Flags
Event: 369.290 loading class sun/nio/fs/WindowsChannelFactory$Flags done
Event: 369.290 loading class sun/nio/fs/WindowsChannelFactory$2
Event: 369.290 loading class sun/nio/fs/WindowsChannelFactory$2 done
Event: 369.290 loading class sun/nio/ch/FileChannelImpl$Closer
Event: 369.290 loading class sun/nio/ch/FileChannelImpl$Closer done
Event: 369.291 loading class java/util/stream/Streams$1
Event: 369.291 loading class java/util/stream/Streams$1 done
Event: 369.295 loading class java/nio/file/FileChannelLinesSpliterator$1
Event: 369.295 loading class java/nio/file/FileChannelLinesSpliterator$1 done
Event: 369.295 loading class java/nio/channels/Channels
Event: 369.295 loading class java/nio/channels/Channels done
Event: 369.308 Thread 0x00000143f55e93b0 Thread added: 0x00000143f55e93b0


Dynamic libraries:
0x00007ff624f40000 - 0x00007ff624f4a000 	C:\Program Files\Android\Android Studio\jbr\bin\java.exe
0x00007ffecd9b0000 - 0x00007ffecdba8000 	C:\Windows\SYSTEM32\ntdll.dll
0x00007ffecb9d0000 - 0x00007ffecba92000 	C:\Windows\System32\KERNEL32.DLL
0x00007ffecb660000 - 0x00007ffecb95e000 	C:\Windows\System32\KERNELBASE.dll
0x00007ffecb410000 - 0x00007ffecb510000 	C:\Windows\System32\ucrtbase.dll
0x00007ffec0230000 - 0x00007ffec0247000 	C:\Program Files\Android\Android Studio\jbr\bin\jli.dll
0x00007ffea84a0000 - 0x00007ffea84bb000 	C:\Program Files\Android\Android Studio\jbr\bin\VCRUNTIME140.dll
0x00007ffecce10000 - 0x00007ffeccfad000 	C:\Windows\System32\USER32.dll
0x00007ffebd6b0000 - 0x00007ffebd94a000 	C:\Windows\WinSxS\amd64_microsoft.windows.common-controls_6595b64144ccf1df_6.0.19041.4355_none_60b8b9eb71f62e16\COMCTL32.dll
0x00007ffecb050000 - 0x00007ffecb072000 	C:\Windows\System32\win32u.dll
0x00007ffecbfe0000 - 0x00007ffecc07e000 	C:\Windows\System32\msvcrt.dll
0x00007ffecc210000 - 0x00007ffecc23b000 	C:\Windows\System32\GDI32.dll
0x00007ffecb140000 - 0x00007ffecb257000 	C:\Windows\System32\gdi32full.dll
0x00007ffecb510000 - 0x00007ffecb5ad000 	C:\Windows\System32\msvcp_win.dll
0x00007ffecbaa0000 - 0x00007ffecbacf000 	C:\Windows\System32\IMM32.DLL
0x00007ffec53a0000 - 0x00007ffec53ac000 	C:\Program Files\Android\Android Studio\jbr\bin\vcruntime140_1.dll
0x00007ffe90820000 - 0x00007ffe908ad000 	C:\Program Files\Android\Android Studio\jbr\bin\msvcp140.dll
0x00007ffe5d970000 - 0x00007ffe5e5dd000 	C:\Program Files\Android\Android Studio\jbr\bin\server\jvm.dll
0x00007ffecbf10000 - 0x00007ffecbfc1000 	C:\Windows\System32\ADVAPI32.dll
0x00007ffecd570000 - 0x00007ffecd60f000 	C:\Windows\System32\sechost.dll
0x00007ffecccd0000 - 0x00007ffeccdf3000 	C:\Windows\System32\RPCRT4.dll
0x00007ffecb110000 - 0x00007ffecb137000 	C:\Windows\System32\bcrypt.dll
0x00007ffeb6a30000 - 0x00007ffeb6a39000 	C:\Windows\SYSTEM32\WSOCK32.dll
0x00007ffeb6140000 - 0x00007ffeb6167000 	C:\Windows\SYSTEM32\WINMM.dll
0x00007ffecc1a0000 - 0x00007ffecc20b000 	C:\Windows\System32\WS2_32.dll
0x00007ffec5b80000 - 0x00007ffec5b8a000 	C:\Windows\SYSTEM32\VERSION.dll
0x00007ffec90b0000 - 0x00007ffec90c2000 	C:\Windows\SYSTEM32\kernel.appcore.dll
0x00007ffec2a50000 - 0x00007ffec2a5a000 	C:\Program Files\Android\Android Studio\jbr\bin\jimage.dll
0x00007ffec8c40000 - 0x00007ffec8e24000 	C:\Windows\SYSTEM32\DBGHELP.DLL
0x00007ffec3380000 - 0x00007ffec33b4000 	C:\Windows\SYSTEM32\dbgcore.DLL
0x00007ffecb080000 - 0x00007ffecb102000 	C:\Windows\System32\bcryptPrimitives.dll
0x00007ffe9aaa0000 - 0x00007ffe9aac5000 	C:\Program Files\Android\Android Studio\jbr\bin\java.dll
0x00007ffea0120000 - 0x00007ffea0138000 	C:\Program Files\Android\Android Studio\jbr\bin\zip.dll
0x00007ffecc540000 - 0x00007ffecccad000 	C:\Windows\System32\SHELL32.dll
0x00007ffec90d0000 - 0x00007ffec9874000 	C:\Windows\SYSTEM32\windows.storage.dll
0x00007ffecd610000 - 0x00007ffecd963000 	C:\Windows\System32\combase.dll
0x00007ffecaa10000 - 0x00007ffecaa3e000 	C:\Windows\SYSTEM32\Wldp.dll
0x00007ffecbb80000 - 0x00007ffecbc4d000 	C:\Windows\System32\OLEAUT32.dll
0x00007ffecbc50000 - 0x00007ffecbcfd000 	C:\Windows\System32\SHCORE.dll
0x00007ffecd0a0000 - 0x00007ffecd0f5000 	C:\Windows\System32\shlwapi.dll
0x00007ffecaf80000 - 0x00007ffecafa4000 	C:\Windows\SYSTEM32\profapi.dll
0x00007ffe9fdf0000 - 0x00007ffe9fe09000 	C:\Program Files\Android\Android Studio\jbr\bin\net.dll
0x00007ffec1f70000 - 0x00007ffec207d000 	C:\Windows\SYSTEM32\WINHTTP.dll
0x00007ffeca710000 - 0x00007ffeca77a000 	C:\Windows\system32\mswsock.dll
0x00007ffe9a9f0000 - 0x00007ffe9aa06000 	C:\Program Files\Android\Android Studio\jbr\bin\nio.dll
0x00007ffeb6ea0000 - 0x00007ffeb6eb0000 	C:\Program Files\Android\Android Studio\jbr\bin\verify.dll
0x00007ffe9a640000 - 0x00007ffe9a667000 	C:\Users\jmzom\.gradle\native\c067742578af261105cb4f569cf0c3c89f3d7b1fecec35dd04571415982c5e48\windows-amd64\native-platform.dll
0x00007ffeb3090000 - 0x00007ffeb3099000 	C:\Program Files\Android\Android Studio\jbr\bin\management.dll
0x00007ffeaa140000 - 0x00007ffeaa14b000 	C:\Program Files\Android\Android Studio\jbr\bin\management_ext.dll
0x00007ffecbfd0000 - 0x00007ffecbfd8000 	C:\Windows\System32\PSAPI.DLL
0x00007ffeca970000 - 0x00007ffeca988000 	C:\Windows\SYSTEM32\CRYPTSP.dll
0x00007ffeca030000 - 0x00007ffeca064000 	C:\Windows\system32\rsaenh.dll
0x00007ffecaf40000 - 0x00007ffecaf6e000 	C:\Windows\SYSTEM32\USERENV.dll
0x00007ffeca960000 - 0x00007ffeca96c000 	C:\Windows\SYSTEM32\CRYPTBASE.dll
0x00007ffeca3f0000 - 0x00007ffeca42b000 	C:\Windows\SYSTEM32\IPHLPAPI.DLL
0x00007ffecc530000 - 0x00007ffecc538000 	C:\Windows\System32\NSI.dll
0x00007ffec2e30000 - 0x00007ffec2e47000 	C:\Windows\SYSTEM32\dhcpcsvc6.DLL
0x00007ffec34c0000 - 0x00007ffec34dd000 	C:\Windows\SYSTEM32\dhcpcsvc.DLL
0x00007ffeca430000 - 0x00007ffeca4fa000 	C:\Windows\SYSTEM32\DNSAPI.dll
0x00007ffea5280000 - 0x00007ffea5287000 	C:\Windows\system32\wshunix.dll

dbghelp: loaded successfully - version: 4.0.5 - missing functions: none
symbol engine: initialized successfully - sym options: 0x614 - pdb path: .;C:\Program Files\Android\Android Studio\jbr\bin;C:\Windows\SYSTEM32;C:\Windows\WinSxS\amd64_microsoft.windows.common-controls_6595b64144ccf1df_6.0.19041.4355_none_60b8b9eb71f62e16;C:\Program Files\Android\Android Studio\jbr\bin\server;C:\Users\jmzom\.gradle\native\c067742578af261105cb4f569cf0c3c89f3d7b1fecec35dd04571415982c5e48\windows-amd64

VM Arguments:
jvm_args: -Dorg.gradle.appname=gradlew 
java_command: org.gradle.wrapper.GradleWrapperMain -q -Ptarget-platform=android-arm,android-arm64,android-x64 -Ptarget=lib\main.dart -Pbase-application-name=android.app.Application -Pdart-obfuscation=false -Ptrack-widget-creation=true -Ptree-shake-icons=true assembleRelease
java_class_path (initial): C:\code\app flutter\app\android\\gradle\wrapper\gradle-wrapper.jar
Launcher Type: SUN_STANDARD

[Global flags]
     intx CICompilerCount                          = 3                                         {product} {ergonomic}
     uint ConcGCThreads                            = 1                                         {product} {ergonomic}
     uint G1ConcRefinementThreads                  = 4                                         {product} {ergonomic}
   size_t G1HeapRegionSize                         = 4194304                                   {product} {ergonomic}
    uintx GCDrainStackTargetSize                   = 64                                        {product} {ergonomic}
   size_t InitialHeapSize                          = 335544320                                 {product} {ergonomic}
   size_t MarkStackSize                            = 4194304                                   {product} {ergonomic}
   size_t MaxHeapSize                              = 5326766080                                {product} {ergonomic}
   size_t MaxNewSize                               = 3196059648                                {product} {ergonomic}
   size_t MinHeapDeltaBytes                        = 4194304                                   {product} {ergonomic}
   size_t MinHeapSize                              = 8388608                                   {product} {ergonomic}
    uintx NonNMethodCodeHeapSize                   = 5832780                                {pd product} {ergonomic}
    uintx NonProfiledCodeHeapSize                  = 122912730                              {pd product} {ergonomic}
    uintx ProfiledCodeHeapSize                     = 122912730                              {pd product} {ergonomic}
    uintx ReservedCodeCacheSize                    = 251658240                              {pd product} {ergonomic}
     bool SegmentedCodeCache                       = true                                      {product} {ergonomic}
   size_t SoftMaxHeapSize                          = 5326766080                             {manageable} {ergonomic}
     bool UseCompressedClassPointers               = true                           {product lp64_product} {ergonomic}
     bool UseCompressedOops                        = true                           {product lp64_product} {ergonomic}
     bool UseG1GC                                  = true                                      {product} {ergonomic}
     bool UseLargePagesIndividualAllocation        = false                                  {pd product} {ergonomic}

Logging:
Log output configuration:
 #0: stdout all=warning uptime,level,tags
 #1: stderr all=off uptime,level,tags

Environment Variables:
JAVA_HOME=C:\Program Files\Android\Android Studio\jbr
CLASSPATH=C:\code\app flutter\app\android\\gradle\wrapper\gradle-wrapper.jar
PATH=C:\Program Files\Android\Android Studio\jbr\bin;C:\src\flutter-sdk-3.5.3\bin\;C:\Program Files\Microsoft\jdk-11.0.20.8-hotspot\bin;C:\Windows\system32;C:\Windows;C:\Windows\System32\Wbem;C:\Windows\System32\WindowsPowerShell\v1.0\;C:\Windows\System32\OpenSSH\;C:\Program Files\dotnet\;C:\Users\jmzom\AppData\Roaming\nvm;C:\Program Files\nodejs;C:\ProgramData\chocolatey\bin;C:\Program Files\Git\cmd;C:\composer1;C:\Users\jmzom\AppData\Local\Microsoft\WindowsApps;C:\Users\jmzom\.dotnet\tools;C:\Users\jmzom\AppData\Local\Programs\Microsoft VS Code\bin;C:\src\flutter-sdk-3.5.3\bin;C:\Users\jmzom\AppData\Local\Pub\Cache\bin;C:\Users\jmzom\AppData\Roaming\nvm;C:\Program Files\nodejs;C:\Program Files\Git\cmd;C:\tools\dart-sdk\bin;C:\Users\jmzom\AppData\Roaming\Pub\Cache\bin;C:\Users\jmzom\AppData\Roaming\nvm\v16.20.1\vercel.ps1;C:\xampp7.3\php;C:\Users\jmzom\AppData\Roaming\Composer\vendor\bin;C:\Users\jmzom\AppData\Local\Android\Sdk\platform-tools;C:\src\nuget.exe;C:\Users\jmzom\AppData\Local\Microsoft\WinGet\Links;;C:\src\flutter-sdk-3.5.3\bin\mingit\cmd
USERNAME=jmzom
LANG=en_US.UTF-8
OS=Windows_NT
PROCESSOR_IDENTIFIER=Intel64 Family 6 Model 142 Stepping 12, GenuineIntel
TMP=C:\Users\jmzom\AppData\Local\Temp
TEMP=C:\Users\jmzom\AppData\Local\Temp



---------------  S Y S T E M  ---------------

OS:
 Windows 10 , 64 bit Build 19041 (10.0.19041.5198)
OS uptime: 38 days 23:00 hours

CPU: total 4 (initial active 4) (2 cores per cpu, 2 threads per core) family 6 model 142 stepping 12 microcode 0xf0, cx8, cmov, fxsr, ht, mmx, 3dnowpref, sse, sse2, sse3, ssse3, sse4.1, sse4.2, popcnt, lzcnt, tsc, tscinvbit, avx, avx2, aes, erms, clmul, bmi1, bmi2, adx, fma, vzeroupper, clflush, clflushopt

Memory: 4k page, system-wide physical 20314M (4502M free)
TotalPageFile size 28506M (AvailPageFile size 2M)
current process WorkingSet (physical memory assigned to process): 102M, peak: 105M
current process commit charge ("private bytes"): 426M, peak: 434M

vm_info: OpenJDK 64-Bit Server VM (17.0.6+0-b2043.56-9586694) for windows-amd64 JRE (17.0.6+0-b2043.56-9586694), built on Feb  9 2023 20:06:20 by "androidbuild" with MS VC++ 16.10 / 16.11 (VS2019)

END.
